{"C:\\Files\\projects\\PillBox\\frontend\\src\\App.css": {"path":"C:\\Files\\projects\\PillBox\\frontend\\src\\App.css","statementMap":{},"fnMap":{},"branchMap":{},"s":{},"f":{},"b":{},"meta":{"lastBranch":0,"lastFunction":0,"lastStatement":0,"seen":{}}}
,"C:\\Files\\projects\\PillBox\\frontend\\src\\App.tsx": {"path":"C:\\Files\\projects\\PillBox\\frontend\\src\\App.tsx","statementMap":{"0":{"start":{"line":21,"column":22},"end":{"line":108,"column":null}},"1":{"start":{"line":22,"column":2},"end":{"line":106,"column":null}}},"fnMap":{"0":{"name":"(anonymous_0)","decl":{"start":{"line":21,"column":22},"end":{"line":21,"column":28}},"loc":{"start":{"line":21,"column":28},"end":{"line":108,"column":null}},"line":21}},"branchMap":{},"s":{"0":1,"1":1},"f":{"0":1},"b":{},"meta":{"lastBranch":0,"lastFunction":1,"lastStatement":2,"seen":{"s:21:22:108:Infinity":0,"f:21:22:21:28":0,"s:22:2:106:Infinity":1}}}
,"C:\\Files\\projects\\PillBox\\frontend\\src\\api\\client.ts": {"path":"C:\\Files\\projects\\PillBox\\frontend\\src\\api\\client.ts","statementMap":{"0":{"start":{"line":3,"column":18},"end":{"line":6,"column":null}},"1":{"start":{"line":8,"column":0},"end":{"line":45,"column":null}},"2":{"start":{"line":10,"column":8},"end":{"line":10,"column":null}},"3":{"start":{"line":13,"column":32},"end":{"line":13,"column":null}},"4":{"start":{"line":15,"column":8},"end":{"line":41,"column":null}},"5":{"start":{"line":25,"column":12},"end":{"line":25,"column":null}},"6":{"start":{"line":27,"column":12},"end":{"line":40,"column":null}},"7":{"start":{"line":28,"column":16},"end":{"line":32,"column":null}},"8":{"start":{"line":34,"column":16},"end":{"line":34,"column":null}},"9":{"start":{"line":36,"column":16},"end":{"line":38,"column":null}},"10":{"start":{"line":37,"column":20},"end":{"line":37,"column":null}},"11":{"start":{"line":39,"column":16},"end":{"line":39,"column":null}},"12":{"start":{"line":43,"column":8},"end":{"line":43,"column":null}},"13":{"start":{"line":48,"column":35},"end":{"line":65,"column":null}},"14":{"start":{"line":52,"column":21},"end":{"line":52,"column":null}},"15":{"start":{"line":53,"column":4},"end":{"line":53,"column":null}},"16":{"start":{"line":55,"column":21},"end":{"line":63,"column":null}},"17":{"start":{"line":64,"column":4},"end":{"line":64,"column":null}},"18":{"start":{"line":68,"column":35},"end":{"line":73,"column":null}},"19":{"start":{"line":71,"column":21},"end":{"line":71,"column":null}},"20":{"start":{"line":72,"column":4},"end":{"line":72,"column":null}},"21":{"start":{"line":76,"column":35},"end":{"line":81,"column":null}},"22":{"start":{"line":79,"column":21},"end":{"line":79,"column":null}},"23":{"start":{"line":80,"column":4},"end":{"line":80,"column":null}},"24":{"start":{"line":84,"column":37},"end":{"line":89,"column":null}},"25":{"start":{"line":87,"column":21},"end":{"line":87,"column":null}},"26":{"start":{"line":88,"column":4},"end":{"line":88,"column":null}}},"fnMap":{"0":{"name":"(anonymous_0)","decl":{"start":{"line":9,"column":4},"end":{"line":9,"column":14}},"loc":{"start":{"line":9,"column":24},"end":{"line":11,"column":null}},"line":9},"1":{"name":"(anonymous_1)","decl":{"start":{"line":12,"column":4},"end":{"line":12,"column":20}},"loc":{"start":{"line":12,"column":27},"end":{"line":44,"column":null}},"line":12},"2":{"name":"(anonymous_2)","decl":{"start":{"line":48,"column":35},"end":{"line":48,"column":null}},"loc":{"start":{"line":51,"column":37},"end":{"line":65,"column":null}},"line":51},"3":{"name":"(anonymous_3)","decl":{"start":{"line":68,"column":35},"end":{"line":68,"column":null}},"loc":{"start":{"line":70,"column":37},"end":{"line":73,"column":null}},"line":70},"4":{"name":"(anonymous_4)","decl":{"start":{"line":76,"column":35},"end":{"line":76,"column":null}},"loc":{"start":{"line":78,"column":35},"end":{"line":81,"column":null}},"line":78},"5":{"name":"(anonymous_5)","decl":{"start":{"line":84,"column":37},"end":{"line":84,"column":null}},"loc":{"start":{"line":86,"column":5},"end":{"line":89,"column":null}},"line":86}},"branchMap":{"0":{"loc":{"start":{"line":15,"column":8},"end":{"line":41,"column":null}},"type":"if","locations":[{"start":{"line":15,"column":8},"end":{"line":41,"column":null}},{"start":{},"end":{}}],"line":15},"1":{"loc":{"start":{"line":16,"column":12},"end":{"line":23,"column":null}},"type":"binary-expr","locations":[{"start":{"line":16,"column":12},"end":{"line":16,"column":null}},{"start":{"line":17,"column":12},"end":{"line":17,"column":null}},{"start":{"line":18,"column":12},"end":{"line":18,"column":null}},{"start":{"line":19,"column":12},"end":{"line":19,"column":null}},{"start":{"line":20,"column":12},"end":{"line":20,"column":null}},{"start":{"line":21,"column":12},"end":{"line":21,"column":null}},{"start":{"line":22,"column":12},"end":{"line":22,"column":null}},{"start":{"line":23,"column":12},"end":{"line":23,"column":null}}],"line":16},"2":{"loc":{"start":{"line":36,"column":16},"end":{"line":38,"column":null}},"type":"if","locations":[{"start":{"line":36,"column":16},"end":{"line":38,"column":null}},{"start":{},"end":{}}],"line":36}},"s":{"0":1,"1":1,"2":0,"3":0,"4":0,"5":0,"6":0,"7":0,"8":0,"9":0,"10":0,"11":0,"12":0,"13":1,"14":0,"15":0,"16":0,"17":0,"18":1,"19":0,"20":0,"21":1,"22":0,"23":0,"24":1,"25":0,"26":0},"f":{"0":0,"1":0,"2":0,"3":0,"4":0,"5":0},"b":{"0":[0,0],"1":[0,0,0,0,0,0,0,0],"2":[0,0]},"meta":{"lastBranch":3,"lastFunction":6,"lastStatement":27,"seen":{"s:3:18:6:Infinity":0,"s:8:0:45:Infinity":1,"f:9:4:9:14":0,"s:10:8:10:Infinity":2,"f:12:4:12:20":1,"s:13:32:13:Infinity":3,"b:15:8:41:Infinity:undefined:undefined:undefined:undefined":0,"s:15:8:41:Infinity":4,"b:16:12:16:Infinity:17:12:17:Infinity:18:12:18:Infinity:19:12:19:Infinity:20:12:20:Infinity:21:12:21:Infinity:22:12:22:Infinity:23:12:23:Infinity":1,"s:25:12:25:Infinity":5,"s:27:12:40:Infinity":6,"s:28:16:32:Infinity":7,"s:34:16:34:Infinity":8,"b:36:16:38:Infinity:undefined:undefined:undefined:undefined":2,"s:36:16:38:Infinity":9,"s:37:20:37:Infinity":10,"s:39:16:39:Infinity":11,"s:43:8:43:Infinity":12,"s:48:35:65:Infinity":13,"f:48:35:48:Infinity":2,"s:52:21:52:Infinity":14,"s:53:4:53:Infinity":15,"s:55:21:63:Infinity":16,"s:64:4:64:Infinity":17,"s:68:35:73:Infinity":18,"f:68:35:68:Infinity":3,"s:71:21:71:Infinity":19,"s:72:4:72:Infinity":20,"s:76:35:81:Infinity":21,"f:76:35:76:Infinity":4,"s:79:21:79:Infinity":22,"s:80:4:80:Infinity":23,"s:84:37:89:Infinity":24,"f:84:37:84:Infinity":5,"s:87:21:87:Infinity":25,"s:88:4:88:Infinity":26}}}
,"C:\\Files\\projects\\PillBox\\frontend\\src\\assets\\HomePageImage.png": {"path":"C:\\Files\\projects\\PillBox\\frontend\\src\\assets\\HomePageImage.png","statementMap":{},"fnMap":{},"branchMap":{},"s":{},"f":{},"b":{},"meta":{"lastBranch":0,"lastFunction":0,"lastStatement":0,"seen":{}}}
,"C:\\Files\\projects\\PillBox\\frontend\\src\\assets\\Icon.png": {"path":"C:\\Files\\projects\\PillBox\\frontend\\src\\assets\\Icon.png","statementMap":{},"fnMap":{},"branchMap":{},"s":{},"f":{},"b":{},"meta":{"lastBranch":0,"lastFunction":0,"lastStatement":0,"seen":{}}}
,"C:\\Files\\projects\\PillBox\\frontend\\src\\assets\\Line.png": {"path":"C:\\Files\\projects\\PillBox\\frontend\\src\\assets\\Line.png","statementMap":{},"fnMap":{},"branchMap":{},"s":{},"f":{},"b":{},"meta":{"lastBranch":0,"lastFunction":0,"lastStatement":0,"seen":{}}}
,"C:\\Files\\projects\\PillBox\\frontend\\src\\assets\\Profile.png": {"path":"C:\\Files\\projects\\PillBox\\frontend\\src\\assets\\Profile.png","statementMap":{},"fnMap":{},"branchMap":{},"s":{},"f":{},"b":{},"meta":{"lastBranch":0,"lastFunction":0,"lastStatement":0,"seen":{}}}
,"C:\\Files\\projects\\PillBox\\frontend\\src\\assets\\expire_soon.svg": {"path":"C:\\Files\\projects\\PillBox\\frontend\\src\\assets\\expire_soon.svg","statementMap":{},"fnMap":{},"branchMap":{},"s":{},"f":{},"b":{},"meta":{"lastBranch":0,"lastFunction":0,"lastStatement":0,"seen":{}}}
,"C:\\Files\\projects\\PillBox\\frontend\\src\\assets\\expired.svg": {"path":"C:\\Files\\projects\\PillBox\\frontend\\src\\assets\\expired.svg","statementMap":{},"fnMap":{},"branchMap":{},"s":{},"f":{},"b":{},"meta":{"lastBranch":0,"lastFunction":0,"lastStatement":0,"seen":{}}}
,"C:\\Files\\projects\\PillBox\\frontend\\src\\assets\\good.svg": {"path":"C:\\Files\\projects\\PillBox\\frontend\\src\\assets\\good.svg","statementMap":{},"fnMap":{},"branchMap":{},"s":{},"f":{},"b":{},"meta":{"lastBranch":0,"lastFunction":0,"lastStatement":0,"seen":{}}}
,"C:\\Files\\projects\\PillBox\\frontend\\src\\components\\AddButton.css": {"path":"C:\\Files\\projects\\PillBox\\frontend\\src\\components\\AddButton.css","statementMap":{},"fnMap":{},"branchMap":{},"s":{},"f":{},"b":{},"meta":{"lastBranch":0,"lastFunction":0,"lastStatement":0,"seen":{}}}
,"C:\\Files\\projects\\PillBox\\frontend\\src\\components\\AddButton.tsx": {"path":"C:\\Files\\projects\\PillBox\\frontend\\src\\components\\AddButton.tsx","statementMap":{"0":{"start":{"line":8,"column":51},"end":{"line":14,"column":null}},"1":{"start":{"line":9,"column":2},"end":{"line":12,"column":null}}},"fnMap":{"0":{"name":"(anonymous_0)","decl":{"start":{"line":8,"column":51},"end":{"line":8,"column":52}},"loc":{"start":{"line":8,"column":68},"end":{"line":14,"column":null}},"line":8}},"branchMap":{},"s":{"0":2,"1":7},"f":{"0":7},"b":{},"meta":{"lastBranch":0,"lastFunction":1,"lastStatement":2,"seen":{"s:8:51:14:Infinity":0,"f:8:51:8:52":0,"s:9:2:12:Infinity":1}}}
,"C:\\Files\\projects\\PillBox\\frontend\\src\\components\\DrugInfoCard.tsx": {"path":"C:\\Files\\projects\\PillBox\\frontend\\src\\components\\DrugInfoCard.tsx","statementMap":{"0":{"start":{"line":20,"column":30},"end":{"line":20,"column":null}},"1":{"start":{"line":21,"column":28},"end":{"line":21,"column":null}},"2":{"start":{"line":22,"column":24},"end":{"line":22,"column":null}},"3":{"start":{"line":24,"column":2},"end":{"line":52,"column":null}},"4":{"start":{"line":25,"column":26},"end":{"line":49,"column":null}},"5":{"start":{"line":26,"column":6},"end":{"line":26,"column":null}},"6":{"start":{"line":26,"column":21},"end":{"line":26,"column":null}},"7":{"start":{"line":28,"column":6},"end":{"line":28,"column":null}},"8":{"start":{"line":29,"column":6},"end":{"line":29,"column":null}},"9":{"start":{"line":31,"column":6},"end":{"line":48,"column":null}},"10":{"start":{"line":32,"column":25},"end":{"line":32,"column":null}},"11":{"start":{"line":33,"column":8},"end":{"line":33,"column":null}},"12":{"start":{"line":35,"column":8},"end":{"line":45,"column":null}},"13":{"start":{"line":36,"column":10},"end":{"line":42,"column":null}},"14":{"start":{"line":37,"column":12},"end":{"line":37,"column":null}},"15":{"start":{"line":38,"column":10},"end":{"line":42,"column":null}},"16":{"start":{"line":39,"column":12},"end":{"line":39,"column":null}},"17":{"start":{"line":41,"column":12},"end":{"line":41,"column":null}},"18":{"start":{"line":44,"column":10},"end":{"line":44,"column":null}},"19":{"start":{"line":47,"column":8},"end":{"line":47,"column":null}},"20":{"start":{"line":51,"column":4},"end":{"line":51,"column":null}},"21":{"start":{"line":54,"column":2},"end":{"line":60,"column":null}},"22":{"start":{"line":55,"column":4},"end":{"line":58,"column":null}},"23":{"start":{"line":62,"column":2},"end":{"line":69,"column":null}},"24":{"start":{"line":63,"column":4},"end":{"line":67,"column":null}},"25":{"start":{"line":71,"column":2},"end":{"line":73,"column":null}},"26":{"start":{"line":72,"column":4},"end":{"line":72,"column":null}},"27":{"start":{"line":75,"column":2},"end":{"line":131,"column":null}},"28":{"start":{"line":112,"column":14},"end":{"line":112,"column":null}}},"fnMap":{"0":{"name":"DrugInfoCard","decl":{"start":{"line":19,"column":16},"end":{"line":19,"column":29}},"loc":{"start":{"line":19,"column":62},"end":{"line":133,"column":null}},"line":19},"1":{"name":"(anonymous_1)","decl":{"start":{"line":24,"column":12},"end":{"line":24,"column":18}},"loc":{"start":{"line":24,"column":18},"end":{"line":52,"column":5}},"line":24},"2":{"name":"(anonymous_2)","decl":{"start":{"line":25,"column":26},"end":{"line":25,"column":38}},"loc":{"start":{"line":25,"column":38},"end":{"line":49,"column":null}},"line":25},"3":{"name":"(anonymous_3)","decl":{"start":{"line":111,"column":35},"end":{"line":111,"column":36}},"loc":{"start":{"line":112,"column":14},"end":{"line":112,"column":null}},"line":112}},"branchMap":{"0":{"loc":{"start":{"line":26,"column":6},"end":{"line":26,"column":null}},"type":"if","locations":[{"start":{"line":26,"column":6},"end":{"line":26,"column":null}},{"start":{},"end":{}}],"line":26},"1":{"loc":{"start":{"line":35,"column":8},"end":{"line":45,"column":null}},"type":"if","locations":[{"start":{"line":35,"column":8},"end":{"line":45,"column":null}},{"start":{"line":43,"column":15},"end":{"line":45,"column":null}}],"line":35},"2":{"loc":{"start":{"line":36,"column":10},"end":{"line":42,"column":null}},"type":"if","locations":[{"start":{"line":36,"column":10},"end":{"line":42,"column":null}},{"start":{"line":38,"column":10},"end":{"line":42,"column":null}}],"line":36},"3":{"loc":{"start":{"line":38,"column":10},"end":{"line":42,"column":null}},"type":"if","locations":[{"start":{"line":38,"column":10},"end":{"line":42,"column":null}},{"start":{"line":40,"column":17},"end":{"line":42,"column":null}}],"line":38},"4":{"loc":{"start":{"line":54,"column":2},"end":{"line":60,"column":null}},"type":"if","locations":[{"start":{"line":54,"column":2},"end":{"line":60,"column":null}},{"start":{},"end":{}}],"line":54},"5":{"loc":{"start":{"line":62,"column":2},"end":{"line":69,"column":null}},"type":"if","locations":[{"start":{"line":62,"column":2},"end":{"line":69,"column":null}},{"start":{},"end":{}}],"line":62},"6":{"loc":{"start":{"line":71,"column":2},"end":{"line":73,"column":null}},"type":"if","locations":[{"start":{"line":71,"column":2},"end":{"line":73,"column":null}},{"start":{},"end":{}}],"line":71},"7":{"loc":{"start":{"line":79,"column":7},"end":{"line":83,"column":null}},"type":"binary-expr","locations":[{"start":{"line":79,"column":7},"end":{"line":79,"column":null}},{"start":{"line":80,"column":8},"end":{"line":83,"column":null}}],"line":79},"8":{"loc":{"start":{"line":86,"column":7},"end":{"line":90,"column":null}},"type":"binary-expr","locations":[{"start":{"line":86,"column":7},"end":{"line":86,"column":null}},{"start":{"line":87,"column":8},"end":{"line":90,"column":null}}],"line":86},"9":{"loc":{"start":{"line":93,"column":7},"end":{"line":97,"column":null}},"type":"binary-expr","locations":[{"start":{"line":93,"column":7},"end":{"line":93,"column":null}},{"start":{"line":94,"column":8},"end":{"line":97,"column":null}}],"line":93},"10":{"loc":{"start":{"line":100,"column":7},"end":{"line":104,"column":null}},"type":"binary-expr","locations":[{"start":{"line":100,"column":7},"end":{"line":100,"column":null}},{"start":{"line":101,"column":8},"end":{"line":104,"column":null}}],"line":100},"11":{"loc":{"start":{"line":107,"column":7},"end":{"line":115,"column":null}},"type":"binary-expr","locations":[{"start":{"line":107,"column":7},"end":{"line":107,"column":28}},{"start":{"line":107,"column":28},"end":{"line":107,"column":null}},{"start":{"line":108,"column":8},"end":{"line":115,"column":null}}],"line":107},"12":{"loc":{"start":{"line":118,"column":7},"end":{"line":122,"column":null}},"type":"binary-expr","locations":[{"start":{"line":118,"column":7},"end":{"line":118,"column":null}},{"start":{"line":119,"column":8},"end":{"line":122,"column":null}}],"line":118},"13":{"loc":{"start":{"line":125,"column":7},"end":{"line":129,"column":null}},"type":"binary-expr","locations":[{"start":{"line":125,"column":7},"end":{"line":125,"column":null}},{"start":{"line":126,"column":8},"end":{"line":129,"column":null}}],"line":125}},"s":{"0":0,"1":0,"2":0,"3":0,"4":0,"5":0,"6":0,"7":0,"8":0,"9":0,"10":0,"11":0,"12":0,"13":0,"14":0,"15":0,"16":0,"17":0,"18":0,"19":0,"20":0,"21":0,"22":0,"23":0,"24":0,"25":0,"26":0,"27":0,"28":0},"f":{"0":0,"1":0,"2":0,"3":0},"b":{"0":[0,0],"1":[0,0],"2":[0,0],"3":[0,0],"4":[0,0],"5":[0,0],"6":[0,0],"7":[0,0],"8":[0,0],"9":[0,0],"10":[0,0],"11":[0,0,0],"12":[0,0],"13":[0,0]},"meta":{"lastBranch":14,"lastFunction":4,"lastStatement":29,"seen":{"f:19:16:19:29":0,"s:20:30:20:Infinity":0,"s:21:28:21:Infinity":1,"s:22:24:22:Infinity":2,"s:24:2:52:Infinity":3,"f:24:12:24:18":1,"s:25:26:49:Infinity":4,"f:25:26:25:38":2,"b:26:6:26:Infinity:undefined:undefined:undefined:undefined":0,"s:26:6:26:Infinity":5,"s:26:21:26:Infinity":6,"s:28:6:28:Infinity":7,"s:29:6:29:Infinity":8,"s:31:6:48:Infinity":9,"s:32:25:32:Infinity":10,"s:33:8:33:Infinity":11,"b:35:8:45:Infinity:43:15:45:Infinity":1,"s:35:8:45:Infinity":12,"b:36:10:42:Infinity:38:10:42:Infinity":2,"s:36:10:42:Infinity":13,"s:37:12:37:Infinity":14,"b:38:10:42:Infinity:40:17:42:Infinity":3,"s:38:10:42:Infinity":15,"s:39:12:39:Infinity":16,"s:41:12:41:Infinity":17,"s:44:10:44:Infinity":18,"s:47:8:47:Infinity":19,"s:51:4:51:Infinity":20,"b:54:2:60:Infinity:undefined:undefined:undefined:undefined":4,"s:54:2:60:Infinity":21,"s:55:4:58:Infinity":22,"b:62:2:69:Infinity:undefined:undefined:undefined:undefined":5,"s:62:2:69:Infinity":23,"s:63:4:67:Infinity":24,"b:71:2:73:Infinity:undefined:undefined:undefined:undefined":6,"s:71:2:73:Infinity":25,"s:72:4:72:Infinity":26,"s:75:2:131:Infinity":27,"b:79:7:79:Infinity:80:8:83:Infinity":7,"b:86:7:86:Infinity:87:8:90:Infinity":8,"b:93:7:93:Infinity:94:8:97:Infinity":9,"b:100:7:100:Infinity:101:8:104:Infinity":10,"b:107:7:107:28:107:28:107:Infinity:108:8:115:Infinity":11,"f:111:35:111:36":3,"s:112:14:112:Infinity":28,"b:118:7:118:Infinity:119:8:122:Infinity":12,"b:125:7:125:Infinity:126:8:129:Infinity":13}}}
,"C:\\Files\\projects\\PillBox\\frontend\\src\\components\\Header.tsx": {"path":"C:\\Files\\projects\\PillBox\\frontend\\src\\components\\Header.tsx","statementMap":{"0":{"start":{"line":9,"column":25},"end":{"line":9,"column":null}},"1":{"start":{"line":10,"column":34},"end":{"line":10,"column":null}},"2":{"start":{"line":11,"column":8},"end":{"line":11,"column":null}},"3":{"start":{"line":12,"column":8},"end":{"line":12,"column":null}},"4":{"start":{"line":14,"column":2},"end":{"line":18,"column":null}},"5":{"start":{"line":15,"column":4},"end":{"line":17,"column":null}},"6":{"start":{"line":16,"column":6},"end":{"line":16,"column":null}},"7":{"start":{"line":20,"column":2},"end":{"line":34,"column":null}},"8":{"start":{"line":21,"column":31},"end":{"line":25,"column":null}},"9":{"start":{"line":22,"column":6},"end":{"line":24,"column":null}},"10":{"start":{"line":23,"column":8},"end":{"line":23,"column":null}},"11":{"start":{"line":27,"column":4},"end":{"line":29,"column":null}},"12":{"start":{"line":28,"column":6},"end":{"line":28,"column":null}},"13":{"start":{"line":31,"column":4},"end":{"line":33,"column":null}},"14":{"start":{"line":32,"column":6},"end":{"line":32,"column":null}},"15":{"start":{"line":36,"column":29},"end":{"line":38,"column":null}},"16":{"start":{"line":37,"column":4},"end":{"line":37,"column":null}},"17":{"start":{"line":40,"column":22},"end":{"line":43,"column":null}},"18":{"start":{"line":41,"column":4},"end":{"line":41,"column":null}},"19":{"start":{"line":42,"column":4},"end":{"line":42,"column":null}},"20":{"start":{"line":45,"column":22},"end":{"line":48,"column":null}},"21":{"start":{"line":46,"column":4},"end":{"line":46,"column":null}},"22":{"start":{"line":47,"column":4},"end":{"line":47,"column":null}},"23":{"start":{"line":50,"column":24},"end":{"line":53,"column":null}},"24":{"start":{"line":51,"column":4},"end":{"line":51,"column":null}},"25":{"start":{"line":52,"column":4},"end":{"line":52,"column":null}},"26":{"start":{"line":55,"column":23},"end":{"line":59,"column":null}},"27":{"start":{"line":56,"column":4},"end":{"line":56,"column":null}},"28":{"start":{"line":57,"column":4},"end":{"line":57,"column":null}},"29":{"start":{"line":58,"column":4},"end":{"line":58,"column":null}},"30":{"start":{"line":61,"column":2},"end":{"line":103,"column":null}}},"fnMap":{"0":{"name":"Header","decl":{"start":{"line":8,"column":16},"end":{"line":8,"column":25}},"loc":{"start":{"line":8,"column":25},"end":{"line":105,"column":null}},"line":8},"1":{"name":"(anonymous_1)","decl":{"start":{"line":14,"column":12},"end":{"line":14,"column":18}},"loc":{"start":{"line":14,"column":18},"end":{"line":18,"column":5}},"line":14},"2":{"name":"(anonymous_2)","decl":{"start":{"line":20,"column":12},"end":{"line":20,"column":18}},"loc":{"start":{"line":20,"column":18},"end":{"line":34,"column":5}},"line":20},"3":{"name":"(anonymous_3)","decl":{"start":{"line":21,"column":31},"end":{"line":21,"column":41}},"loc":{"start":{"line":21,"column":60},"end":{"line":25,"column":null}},"line":21},"4":{"name":"(anonymous_4)","decl":{"start":{"line":31,"column":11},"end":{"line":31,"column":23}},"loc":{"start":{"line":31,"column":23},"end":{"line":33,"column":null}},"line":31},"5":{"name":"(anonymous_5)","decl":{"start":{"line":36,"column":29},"end":{"line":36,"column":35}},"loc":{"start":{"line":36,"column":35},"end":{"line":38,"column":null}},"line":36},"6":{"name":"(anonymous_6)","decl":{"start":{"line":40,"column":22},"end":{"line":40,"column":28}},"loc":{"start":{"line":40,"column":28},"end":{"line":43,"column":null}},"line":40},"7":{"name":"(anonymous_7)","decl":{"start":{"line":45,"column":22},"end":{"line":45,"column":28}},"loc":{"start":{"line":45,"column":28},"end":{"line":48,"column":null}},"line":45},"8":{"name":"(anonymous_8)","decl":{"start":{"line":50,"column":24},"end":{"line":50,"column":30}},"loc":{"start":{"line":50,"column":30},"end":{"line":53,"column":null}},"line":50},"9":{"name":"(anonymous_9)","decl":{"start":{"line":55,"column":23},"end":{"line":55,"column":35}},"loc":{"start":{"line":55,"column":35},"end":{"line":59,"column":null}},"line":55}},"branchMap":{"0":{"loc":{"start":{"line":15,"column":4},"end":{"line":17,"column":null}},"type":"if","locations":[{"start":{"line":15,"column":4},"end":{"line":17,"column":null}},{"start":{},"end":{}}],"line":15},"1":{"loc":{"start":{"line":22,"column":6},"end":{"line":24,"column":null}},"type":"if","locations":[{"start":{"line":22,"column":6},"end":{"line":24,"column":null}},{"start":{},"end":{}}],"line":22},"2":{"loc":{"start":{"line":22,"column":10},"end":{"line":22,"column":78}},"type":"binary-expr","locations":[{"start":{"line":22,"column":10},"end":{"line":22,"column":29}},{"start":{"line":22,"column":29},"end":{"line":22,"column":78}}],"line":22},"3":{"loc":{"start":{"line":27,"column":4},"end":{"line":29,"column":null}},"type":"if","locations":[{"start":{"line":27,"column":4},"end":{"line":29,"column":null}},{"start":{},"end":{}}],"line":27},"4":{"loc":{"start":{"line":68,"column":9},"end":{"line":100,"column":null}},"type":"cond-expr","locations":[{"start":{"line":69,"column":10},"end":{"line":90,"column":null}},{"start":{"line":92,"column":10},"end":{"line":100,"column":null}}],"line":68},"5":{"loc":{"start":{"line":74,"column":13},"end":{"line":88,"column":null}},"type":"binary-expr","locations":[{"start":{"line":74,"column":13},"end":{"line":74,"column":null}},{"start":{"line":75,"column":14},"end":{"line":88,"column":null}}],"line":74}},"s":{"0":11,"1":11,"2":11,"3":11,"4":11,"5":8,"6":0,"7":11,"8":8,"9":0,"10":0,"11":8,"12":0,"13":8,"14":8,"15":11,"16":0,"17":11,"18":0,"19":0,"20":11,"21":0,"22":0,"23":11,"24":0,"25":0,"26":11,"27":0,"28":0,"29":0,"30":11},"f":{"0":11,"1":8,"2":8,"3":0,"4":8,"5":0,"6":0,"7":0,"8":0,"9":0},"b":{"0":[0,8],"1":[0,0],"2":[0,0],"3":[0,8],"4":[11,0],"5":[11,0]},"meta":{"lastBranch":6,"lastFunction":10,"lastStatement":31,"seen":{"f:8:16:8:25":0,"s:9:25:9:Infinity":0,"s:10:34:10:Infinity":1,"s:11:8:11:Infinity":2,"s:12:8:12:Infinity":3,"s:14:2:18:Infinity":4,"f:14:12:14:18":1,"b:15:4:17:Infinity:undefined:undefined:undefined:undefined":0,"s:15:4:17:Infinity":5,"s:16:6:16:Infinity":6,"s:20:2:34:Infinity":7,"f:20:12:20:18":2,"s:21:31:25:Infinity":8,"f:21:31:21:41":3,"b:22:6:24:Infinity:undefined:undefined:undefined:undefined":1,"s:22:6:24:Infinity":9,"b:22:10:22:29:22:29:22:78":2,"s:23:8:23:Infinity":10,"b:27:4:29:Infinity:undefined:undefined:undefined:undefined":3,"s:27:4:29:Infinity":11,"s:28:6:28:Infinity":12,"s:31:4:33:Infinity":13,"f:31:11:31:23":4,"s:32:6:32:Infinity":14,"s:36:29:38:Infinity":15,"f:36:29:36:35":5,"s:37:4:37:Infinity":16,"s:40:22:43:Infinity":17,"f:40:22:40:28":6,"s:41:4:41:Infinity":18,"s:42:4:42:Infinity":19,"s:45:22:48:Infinity":20,"f:45:22:45:28":7,"s:46:4:46:Infinity":21,"s:47:4:47:Infinity":22,"s:50:24:53:Infinity":23,"f:50:24:50:30":8,"s:51:4:51:Infinity":24,"s:52:4:52:Infinity":25,"s:55:23:59:Infinity":26,"f:55:23:55:35":9,"s:56:4:56:Infinity":27,"s:57:4:57:Infinity":28,"s:58:4:58:Infinity":29,"s:61:2:103:Infinity":30,"b:69:10:90:Infinity:92:10:100:Infinity":4,"b:74:13:74:Infinity:75:14:88:Infinity":5}}}
,"C:\\Files\\projects\\PillBox\\frontend\\src\\components\\ProtectedRoute.tsx": {"path":"C:\\Files\\projects\\PillBox\\frontend\\src\\components\\ProtectedRoute.tsx","statementMap":{"0":{"start":{"line":11,"column":61},"end":{"line":39,"column":null}},"1":{"start":{"line":15,"column":32},"end":{"line":15,"column":null}},"2":{"start":{"line":16,"column":8},"end":{"line":16,"column":null}},"3":{"start":{"line":18,"column":2},"end":{"line":20,"column":null}},"4":{"start":{"line":19,"column":4},"end":{"line":19,"column":null}},"5":{"start":{"line":22,"column":2},"end":{"line":24,"column":null}},"6":{"start":{"line":23,"column":4},"end":{"line":23,"column":null}},"7":{"start":{"line":26,"column":2},"end":{"line":36,"column":null}},"8":{"start":{"line":27,"column":4},"end":{"line":34,"column":null}},"9":{"start":{"line":31,"column":31},"end":{"line":31,"column":54}},"10":{"start":{"line":38,"column":2},"end":{"line":38,"column":null}}},"fnMap":{"0":{"name":"(anonymous_0)","decl":{"start":{"line":11,"column":61},"end":{"line":11,"column":62}},"loc":{"start":{"line":14,"column":6},"end":{"line":39,"column":null}},"line":14},"1":{"name":"(anonymous_1)","decl":{"start":{"line":31,"column":25},"end":{"line":31,"column":31}},"loc":{"start":{"line":31,"column":31},"end":{"line":31,"column":54}},"line":31}},"branchMap":{"0":{"loc":{"start":{"line":13,"column":2},"end":{"line":13,"column":null}},"type":"default-arg","locations":[{"start":{"line":13,"column":17},"end":{"line":13,"column":null}}],"line":13},"1":{"loc":{"start":{"line":18,"column":2},"end":{"line":20,"column":null}},"type":"if","locations":[{"start":{"line":18,"column":2},"end":{"line":20,"column":null}},{"start":{},"end":{}}],"line":18},"2":{"loc":{"start":{"line":22,"column":2},"end":{"line":24,"column":null}},"type":"if","locations":[{"start":{"line":22,"column":2},"end":{"line":24,"column":null}},{"start":{},"end":{}}],"line":22},"3":{"loc":{"start":{"line":26,"column":2},"end":{"line":36,"column":null}},"type":"if","locations":[{"start":{"line":26,"column":2},"end":{"line":36,"column":null}},{"start":{},"end":{}}],"line":26},"4":{"loc":{"start":{"line":26,"column":6},"end":{"line":26,"column":43}},"type":"binary-expr","locations":[{"start":{"line":26,"column":6},"end":{"line":26,"column":22}},{"start":{"line":26,"column":22},"end":{"line":26,"column":43}}],"line":26}},"s":{"0":1,"1":0,"2":0,"3":0,"4":0,"5":0,"6":0,"7":0,"8":0,"9":0,"10":0},"f":{"0":0,"1":0},"b":{"0":[0],"1":[0,0],"2":[0,0],"3":[0,0],"4":[0,0]},"meta":{"lastBranch":5,"lastFunction":2,"lastStatement":11,"seen":{"s:11:61:39:Infinity":0,"f:11:61:11:62":0,"b:13:17:13:Infinity":0,"s:15:32:15:Infinity":1,"s:16:8:16:Infinity":2,"b:18:2:20:Infinity:undefined:undefined:undefined:undefined":1,"s:18:2:20:Infinity":3,"s:19:4:19:Infinity":4,"b:22:2:24:Infinity:undefined:undefined:undefined:undefined":2,"s:22:2:24:Infinity":5,"s:23:4:23:Infinity":6,"b:26:2:36:Infinity:undefined:undefined:undefined:undefined":3,"s:26:2:36:Infinity":7,"b:26:6:26:22:26:22:26:43":4,"s:27:4:34:Infinity":8,"f:31:25:31:31":1,"s:31:31:31:54":9,"s:38:2:38:Infinity":10}}}
,"C:\\Files\\projects\\PillBox\\frontend\\src\\components\\SEO.tsx": {"path":"C:\\Files\\projects\\PillBox\\frontend\\src\\components\\SEO.tsx","statementMap":{"0":{"start":{"line":18,"column":20},"end":{"line":18,"column":null}},"1":{"start":{"line":20,"column":2},"end":{"line":37,"column":null}}},"fnMap":{"0":{"name":"SEO","decl":{"start":{"line":11,"column":16},"end":{"line":11,"column":20}},"loc":{"start":{"line":17,"column":13},"end":{"line":39,"column":null}},"line":17}},"branchMap":{"0":{"loc":{"start":{"line":13,"column":2},"end":{"line":13,"column":null}},"type":"default-arg","locations":[{"start":{"line":13,"column":16},"end":{"line":13,"column":null}}],"line":13},"1":{"loc":{"start":{"line":14,"column":2},"end":{"line":14,"column":null}},"type":"default-arg","locations":[{"start":{"line":14,"column":14},"end":{"line":14,"column":null}}],"line":14},"2":{"loc":{"start":{"line":15,"column":2},"end":{"line":15,"column":null}},"type":"default-arg","locations":[{"start":{"line":15,"column":11},"end":{"line":15,"column":null}}],"line":15},"3":{"loc":{"start":{"line":16,"column":2},"end":{"line":16,"column":null}},"type":"default-arg","locations":[{"start":{"line":16,"column":12},"end":{"line":16,"column":null}}],"line":16}},"s":{"0":7,"1":7},"f":{"0":7},"b":{"0":[7],"1":[7],"2":[7],"3":[7]},"meta":{"lastBranch":4,"lastFunction":1,"lastStatement":2,"seen":{"f:11:16:11:20":0,"b:13:16:13:Infinity":0,"b:14:14:14:Infinity":1,"b:15:11:15:Infinity":2,"b:16:12:16:Infinity":3,"s:18:20:18:Infinity":0,"s:20:2:37:Infinity":1}}}
,"C:\\Files\\projects\\PillBox\\frontend\\src\\pages\\Addmed.tsx": {"path":"C:\\Files\\projects\\PillBox\\frontend\\src\\pages\\Addmed.tsx","statementMap":{"0":{"start":{"line":9,"column":21},"end":{"line":9,"column":null}},"1":{"start":{"line":10,"column":17},"end":{"line":10,"column":null}},"2":{"start":{"line":12,"column":22},"end":{"line":12,"column":null}},"3":{"start":{"line":13,"column":22},"end":{"line":13,"column":null}},"4":{"start":{"line":14,"column":28},"end":{"line":14,"column":null}},"5":{"start":{"line":15,"column":38},"end":{"line":15,"column":null}},"6":{"start":{"line":16,"column":28},"end":{"line":16,"column":null}},"7":{"start":{"line":18,"column":38},"end":{"line":18,"column":null}},"8":{"start":{"line":19,"column":38},"end":{"line":19,"column":null}},"9":{"start":{"line":20,"column":32},"end":{"line":20,"column":null}},"10":{"start":{"line":21,"column":8},"end":{"line":21,"column":null}},"11":{"start":{"line":23,"column":24},"end":{"line":23,"column":null}},"12":{"start":{"line":24,"column":28},"end":{"line":24,"column":null}},"13":{"start":{"line":25,"column":32},"end":{"line":25,"column":null}},"14":{"start":{"line":26,"column":8},"end":{"line":26,"column":null}},"15":{"start":{"line":28,"column":2},"end":{"line":59,"column":null}},"16":{"start":{"line":29,"column":25},"end":{"line":56,"column":null}},"17":{"start":{"line":30,"column":6},"end":{"line":30,"column":null}},"18":{"start":{"line":30,"column":19},"end":{"line":30,"column":null}},"19":{"start":{"line":32,"column":6},"end":{"line":55,"column":null}},"20":{"start":{"line":33,"column":20},"end":{"line":33,"column":null}},"21":{"start":{"line":34,"column":8},"end":{"line":34,"column":null}},"22":{"start":{"line":35,"column":8},"end":{"line":35,"column":null}},"23":{"start":{"line":36,"column":8},"end":{"line":36,"column":null}},"24":{"start":{"line":38,"column":8},"end":{"line":40,"column":null}},"25":{"start":{"line":39,"column":10},"end":{"line":39,"column":null}},"26":{"start":{"line":42,"column":27},"end":{"line":46,"column":null}},"27":{"start":{"line":43,"column":10},"end":{"line":43,"column":null}},"28":{"start":{"line":43,"column":24},"end":{"line":43,"column":null}},"29":{"start":{"line":44,"column":37},"end":{"line":44,"column":null}},"30":{"start":{"line":45,"column":10},"end":{"line":45,"column":null}},"31":{"start":{"line":48,"column":8},"end":{"line":48,"column":null}},"32":{"start":{"line":49,"column":8},"end":{"line":49,"column":null}},"33":{"start":{"line":50,"column":8},"end":{"line":50,"column":null}},"34":{"start":{"line":52,"column":8},"end":{"line":52,"column":null}},"35":{"start":{"line":53,"column":8},"end":{"line":53,"column":null}},"36":{"start":{"line":54,"column":8},"end":{"line":54,"column":null}},"37":{"start":{"line":58,"column":4},"end":{"line":58,"column":null}},"38":{"start":{"line":61,"column":27},"end":{"line":85,"column":null}},"39":{"start":{"line":62,"column":17},"end":{"line":62,"column":null}},"40":{"start":{"line":63,"column":4},"end":{"line":63,"column":null}},"41":{"start":{"line":63,"column":15},"end":{"line":63,"column":null}},"42":{"start":{"line":65,"column":25},"end":{"line":65,"column":null}},"43":{"start":{"line":66,"column":4},"end":{"line":69,"column":null}},"44":{"start":{"line":67,"column":6},"end":{"line":67,"column":null}},"45":{"start":{"line":68,"column":6},"end":{"line":68,"column":null}},"46":{"start":{"line":71,"column":20},"end":{"line":71,"column":null}},"47":{"start":{"line":72,"column":4},"end":{"line":75,"column":null}},"48":{"start":{"line":73,"column":6},"end":{"line":73,"column":null}},"49":{"start":{"line":74,"column":6},"end":{"line":74,"column":null}},"50":{"start":{"line":77,"column":4},"end":{"line":77,"column":null}},"51":{"start":{"line":78,"column":4},"end":{"line":78,"column":null}},"52":{"start":{"line":80,"column":19},"end":{"line":80,"column":null}},"53":{"start":{"line":81,"column":4},"end":{"line":83,"column":null}},"54":{"start":{"line":82,"column":6},"end":{"line":82,"column":null}},"55":{"start":{"line":84,"column":4},"end":{"line":84,"column":null}},"56":{"start":{"line":87,"column":28},"end":{"line":93,"column":null}},"57":{"start":{"line":88,"column":4},"end":{"line":88,"column":null}},"58":{"start":{"line":89,"column":4},"end":{"line":89,"column":null}},"59":{"start":{"line":90,"column":4},"end":{"line":92,"column":null}},"60":{"start":{"line":91,"column":6},"end":{"line":91,"column":null}},"61":{"start":{"line":95,"column":23},"end":{"line":168,"column":null}},"62":{"start":{"line":96,"column":4},"end":{"line":96,"column":null}},"63":{"start":{"line":97,"column":4},"end":{"line":97,"column":null}},"64":{"start":{"line":98,"column":4},"end":{"line":98,"column":null}},"65":{"start":{"line":100,"column":22},"end":{"line":108,"column":null}},"66":{"start":{"line":101,"column":6},"end":{"line":101,"column":null}},"67":{"start":{"line":101,"column":20},"end":{"line":101,"column":null}},"68":{"start":{"line":102,"column":20},"end":{"line":102,"column":null}},"69":{"start":{"line":103,"column":6},"end":{"line":106,"column":null}},"70":{"start":{"line":104,"column":35},"end":{"line":104,"column":null}},"71":{"start":{"line":105,"column":8},"end":{"line":105,"column":null}},"72":{"start":{"line":107,"column":6},"end":{"line":107,"column":null}},"73":{"start":{"line":110,"column":28},"end":{"line":110,"column":null}},"74":{"start":{"line":111,"column":23},"end":{"line":111,"column":null}},"75":{"start":{"line":113,"column":4},"end":{"line":117,"column":null}},"76":{"start":{"line":114,"column":6},"end":{"line":114,"column":null}},"77":{"start":{"line":115,"column":6},"end":{"line":115,"column":null}},"78":{"start":{"line":116,"column":6},"end":{"line":116,"column":null}},"79":{"start":{"line":119,"column":4},"end":{"line":167,"column":null}},"80":{"start":{"line":122,"column":6},"end":{"line":140,"column":null}},"81":{"start":{"line":123,"column":8},"end":{"line":129,"column":null}},"82":{"start":{"line":130,"column":8},"end":{"line":130,"column":null}},"83":{"start":{"line":132,"column":23},"end":{"line":138,"column":null}},"84":{"start":{"line":139,"column":8},"end":{"line":139,"column":null}},"85":{"start":{"line":142,"column":6},"end":{"line":152,"column":null}},"86":{"start":{"line":143,"column":8},"end":{"line":143,"column":null}},"87":{"start":{"line":144,"column":8},"end":{"line":151,"column":null}},"88":{"start":{"line":145,"column":10},"end":{"line":145,"column":null}},"89":{"start":{"line":147,"column":10},"end":{"line":147,"column":null}},"90":{"start":{"line":148,"column":10},"end":{"line":148,"column":null}},"91":{"start":{"line":150,"column":10},"end":{"line":150,"column":null}},"92":{"start":{"line":154,"column":6},"end":{"line":154,"column":null}},"93":{"start":{"line":156,"column":6},"end":{"line":156,"column":null}},"94":{"start":{"line":157,"column":6},"end":{"line":165,"column":null}},"95":{"start":{"line":158,"column":8},"end":{"line":162,"column":null}},"96":{"start":{"line":159,"column":10},"end":{"line":159,"column":null}},"97":{"start":{"line":161,"column":10},"end":{"line":161,"column":null}},"98":{"start":{"line":164,"column":8},"end":{"line":164,"column":null}},"99":{"start":{"line":166,"column":6},"end":{"line":166,"column":null}},"100":{"start":{"line":170,"column":16},"end":{"line":170,"column":null}},"101":{"start":{"line":172,"column":2},"end":{"line":301,"column":null}},"102":{"start":{"line":223,"column":31},"end":{"line":223,"column":null}},"103":{"start":{"line":235,"column":31},"end":{"line":235,"column":null}},"104":{"start":{"line":256,"column":33},"end":{"line":256,"column":null}},"105":{"start":{"line":270,"column":33},"end":{"line":270,"column":null}},"106":{"start":{"line":285,"column":31},"end":{"line":285,"column":null}}},"fnMap":{"0":{"name":"Addmed","decl":{"start":{"line":8,"column":16},"end":{"line":8,"column":25}},"loc":{"start":{"line":8,"column":25},"end":{"line":303,"column":null}},"line":8},"1":{"name":"(anonymous_1)","decl":{"start":{"line":28,"column":12},"end":{"line":28,"column":18}},"loc":{"start":{"line":28,"column":18},"end":{"line":59,"column":5}},"line":28},"2":{"name":"(anonymous_2)","decl":{"start":{"line":29,"column":25},"end":{"line":29,"column":37}},"loc":{"start":{"line":29,"column":37},"end":{"line":56,"column":null}},"line":29},"3":{"name":"(anonymous_3)","decl":{"start":{"line":42,"column":27},"end":{"line":42,"column":28}},"loc":{"start":{"line":42,"column":57},"end":{"line":46,"column":null}},"line":42},"4":{"name":"(anonymous_4)","decl":{"start":{"line":61,"column":27},"end":{"line":61,"column":28}},"loc":{"start":{"line":61,"column":71},"end":{"line":85,"column":null}},"line":61},"5":{"name":"(anonymous_5)","decl":{"start":{"line":81,"column":23},"end":{"line":81,"column":29}},"loc":{"start":{"line":81,"column":29},"end":{"line":83,"column":null}},"line":81},"6":{"name":"(anonymous_6)","decl":{"start":{"line":87,"column":28},"end":{"line":87,"column":34}},"loc":{"start":{"line":87,"column":34},"end":{"line":93,"column":null}},"line":87},"7":{"name":"(anonymous_7)","decl":{"start":{"line":95,"column":23},"end":{"line":95,"column":30}},"loc":{"start":{"line":95,"column":53},"end":{"line":168,"column":null}},"line":95},"8":{"name":"(anonymous_8)","decl":{"start":{"line":100,"column":22},"end":{"line":100,"column":23}},"loc":{"start":{"line":100,"column":63},"end":{"line":108,"column":null}},"line":100},"9":{"name":"(anonymous_9)","decl":{"start":{"line":223,"column":24},"end":{"line":223,"column":25}},"loc":{"start":{"line":223,"column":31},"end":{"line":223,"column":null}},"line":223},"10":{"name":"(anonymous_10)","decl":{"start":{"line":235,"column":24},"end":{"line":235,"column":25}},"loc":{"start":{"line":235,"column":31},"end":{"line":235,"column":null}},"line":235},"11":{"name":"(anonymous_11)","decl":{"start":{"line":256,"column":26},"end":{"line":256,"column":27}},"loc":{"start":{"line":256,"column":33},"end":{"line":256,"column":null}},"line":256},"12":{"name":"(anonymous_12)","decl":{"start":{"line":270,"column":26},"end":{"line":270,"column":27}},"loc":{"start":{"line":270,"column":33},"end":{"line":270,"column":null}},"line":270},"13":{"name":"(anonymous_13)","decl":{"start":{"line":285,"column":24},"end":{"line":285,"column":25}},"loc":{"start":{"line":285,"column":31},"end":{"line":285,"column":null}},"line":285}},"branchMap":{"0":{"loc":{"start":{"line":30,"column":6},"end":{"line":30,"column":null}},"type":"if","locations":[{"start":{"line":30,"column":6},"end":{"line":30,"column":null}},{"start":{},"end":{}}],"line":30},"1":{"loc":{"start":{"line":36,"column":19},"end":{"line":36,"column":36}},"type":"binary-expr","locations":[{"start":{"line":36,"column":19},"end":{"line":36,"column":34}},{"start":{"line":36,"column":34},"end":{"line":36,"column":36}}],"line":36},"2":{"loc":{"start":{"line":38,"column":8},"end":{"line":40,"column":null}},"type":"if","locations":[{"start":{"line":38,"column":8},"end":{"line":40,"column":null}},{"start":{},"end":{}}],"line":38},"3":{"loc":{"start":{"line":43,"column":10},"end":{"line":43,"column":null}},"type":"if","locations":[{"start":{"line":43,"column":10},"end":{"line":43,"column":null}},{"start":{},"end":{}}],"line":43},"4":{"loc":{"start":{"line":63,"column":4},"end":{"line":63,"column":null}},"type":"if","locations":[{"start":{"line":63,"column":4},"end":{"line":63,"column":null}},{"start":{},"end":{}}],"line":63},"5":{"loc":{"start":{"line":66,"column":4},"end":{"line":69,"column":null}},"type":"if","locations":[{"start":{"line":66,"column":4},"end":{"line":69,"column":null}},{"start":{},"end":{}}],"line":66},"6":{"loc":{"start":{"line":72,"column":4},"end":{"line":75,"column":null}},"type":"if","locations":[{"start":{"line":72,"column":4},"end":{"line":75,"column":null}},{"start":{},"end":{}}],"line":72},"7":{"loc":{"start":{"line":90,"column":4},"end":{"line":92,"column":null}},"type":"if","locations":[{"start":{"line":90,"column":4},"end":{"line":92,"column":null}},{"start":{},"end":{}}],"line":90},"8":{"loc":{"start":{"line":101,"column":6},"end":{"line":101,"column":null}},"type":"if","locations":[{"start":{"line":101,"column":6},"end":{"line":101,"column":null}},{"start":{},"end":{}}],"line":101},"9":{"loc":{"start":{"line":103,"column":6},"end":{"line":106,"column":null}},"type":"if","locations":[{"start":{"line":103,"column":6},"end":{"line":106,"column":null}},{"start":{},"end":{}}],"line":103},"10":{"loc":{"start":{"line":113,"column":4},"end":{"line":117,"column":null}},"type":"if","locations":[{"start":{"line":113,"column":4},"end":{"line":117,"column":null}},{"start":{},"end":{}}],"line":113},"11":{"loc":{"start":{"line":122,"column":6},"end":{"line":140,"column":null}},"type":"if","locations":[{"start":{"line":122,"column":6},"end":{"line":140,"column":null}},{"start":{"line":131,"column":13},"end":{"line":140,"column":null}}],"line":122},"12":{"loc":{"start":{"line":122,"column":10},"end":{"line":122,"column":31}},"type":"binary-expr","locations":[{"start":{"line":122,"column":10},"end":{"line":122,"column":23}},{"start":{"line":122,"column":23},"end":{"line":122,"column":31}}],"line":122},"13":{"loc":{"start":{"line":126,"column":19},"end":{"line":126,"column":null}},"type":"binary-expr","locations":[{"start":{"line":126,"column":19},"end":{"line":126,"column":30}},{"start":{"line":126,"column":30},"end":{"line":126,"column":null}}],"line":126},"14":{"loc":{"start":{"line":135,"column":19},"end":{"line":135,"column":null}},"type":"binary-expr","locations":[{"start":{"line":135,"column":19},"end":{"line":135,"column":30}},{"start":{"line":135,"column":30},"end":{"line":135,"column":null}}],"line":135},"15":{"loc":{"start":{"line":142,"column":6},"end":{"line":152,"column":null}},"type":"if","locations":[{"start":{"line":142,"column":6},"end":{"line":152,"column":null}},{"start":{},"end":{}}],"line":142},"16":{"loc":{"start":{"line":142,"column":10},"end":{"line":142,"column":38}},"type":"binary-expr","locations":[{"start":{"line":142,"column":10},"end":{"line":142,"column":26}},{"start":{"line":142,"column":26},"end":{"line":142,"column":38}}],"line":142},"17":{"loc":{"start":{"line":157,"column":6},"end":{"line":165,"column":null}},"type":"if","locations":[{"start":{"line":157,"column":6},"end":{"line":165,"column":null}},{"start":{"line":163,"column":13},"end":{"line":165,"column":null}}],"line":157},"18":{"loc":{"start":{"line":158,"column":8},"end":{"line":162,"column":null}},"type":"if","locations":[{"start":{"line":158,"column":8},"end":{"line":162,"column":null}},{"start":{"line":160,"column":15},"end":{"line":162,"column":null}}],"line":158},"19":{"loc":{"start":{"line":170,"column":16},"end":{"line":170,"column":null}},"type":"cond-expr","locations":[{"start":{"line":170,"column":28},"end":{"line":170,"column":55}},{"start":{"line":170,"column":55},"end":{"line":170,"column":null}}],"line":170},"20":{"loc":{"start":{"line":178,"column":9},"end":{"line":178,"column":null}},"type":"binary-expr","locations":[{"start":{"line":178,"column":9},"end":{"line":178,"column":18}},{"start":{"line":178,"column":18},"end":{"line":178,"column":null}}],"line":178},"21":{"loc":{"start":{"line":185,"column":15},"end":{"line":211,"column":null}},"type":"cond-expr","locations":[{"start":{"line":186,"column":16},"end":{"line":196,"column":null}},{"start":{"line":198,"column":16},"end":{"line":211,"column":null}}],"line":185},"22":{"loc":{"start":{"line":295,"column":22},"end":{"line":295,"column":null}},"type":"binary-expr","locations":[{"start":{"line":295,"column":22},"end":{"line":295,"column":33}},{"start":{"line":295,"column":33},"end":{"line":295,"column":null}}],"line":295},"23":{"loc":{"start":{"line":297,"column":13},"end":{"line":297,"column":null}},"type":"cond-expr","locations":[{"start":{"line":297,"column":23},"end":{"line":297,"column":41}},{"start":{"line":297,"column":41},"end":{"line":297,"column":null}}],"line":297},"24":{"loc":{"start":{"line":297,"column":41},"end":{"line":297,"column":null}},"type":"cond-expr","locations":[{"start":{"line":297,"column":53},"end":{"line":297,"column":74}},{"start":{"line":297,"column":74},"end":{"line":297,"column":null}}],"line":297},"25":{"loc":{"start":{"line":297,"column":74},"end":{"line":297,"column":null}},"type":"cond-expr","locations":[{"start":{"line":297,"column":86},"end":{"line":297,"column":110}},{"start":{"line":297,"column":110},"end":{"line":297,"column":null}}],"line":297}},"s":{"0":0,"1":0,"2":0,"3":0,"4":0,"5":0,"6":0,"7":0,"8":0,"9":0,"10":0,"11":0,"12":0,"13":0,"14":0,"15":0,"16":0,"17":0,"18":0,"19":0,"20":0,"21":0,"22":0,"23":0,"24":0,"25":0,"26":0,"27":0,"28":0,"29":0,"30":0,"31":0,"32":0,"33":0,"34":0,"35":0,"36":0,"37":0,"38":0,"39":0,"40":0,"41":0,"42":0,"43":0,"44":0,"45":0,"46":0,"47":0,"48":0,"49":0,"50":0,"51":0,"52":0,"53":0,"54":0,"55":0,"56":0,"57":0,"58":0,"59":0,"60":0,"61":0,"62":0,"63":0,"64":0,"65":0,"66":0,"67":0,"68":0,"69":0,"70":0,"71":0,"72":0,"73":0,"74":0,"75":0,"76":0,"77":0,"78":0,"79":0,"80":0,"81":0,"82":0,"83":0,"84":0,"85":0,"86":0,"87":0,"88":0,"89":0,"90":0,"91":0,"92":0,"93":0,"94":0,"95":0,"96":0,"97":0,"98":0,"99":0,"100":0,"101":0,"102":0,"103":0,"104":0,"105":0,"106":0},"f":{"0":0,"1":0,"2":0,"3":0,"4":0,"5":0,"6":0,"7":0,"8":0,"9":0,"10":0,"11":0,"12":0,"13":0},"b":{"0":[0,0],"1":[0,0],"2":[0,0],"3":[0,0],"4":[0,0],"5":[0,0],"6":[0,0],"7":[0,0],"8":[0,0],"9":[0,0],"10":[0,0],"11":[0,0],"12":[0,0],"13":[0,0],"14":[0,0],"15":[0,0],"16":[0,0],"17":[0,0],"18":[0,0],"19":[0,0],"20":[0,0],"21":[0,0],"22":[0,0],"23":[0,0],"24":[0,0],"25":[0,0]},"meta":{"lastBranch":26,"lastFunction":14,"lastStatement":107,"seen":{"f:8:16:8:25":0,"s:9:21:9:Infinity":0,"s:10:17:10:Infinity":1,"s:12:22:12:Infinity":2,"s:13:22:13:Infinity":3,"s:14:28:14:Infinity":4,"s:15:38:15:Infinity":5,"s:16:28:16:Infinity":6,"s:18:38:18:Infinity":7,"s:19:38:19:Infinity":8,"s:20:32:20:Infinity":9,"s:21:8:21:Infinity":10,"s:23:24:23:Infinity":11,"s:24:28:24:Infinity":12,"s:25:32:25:Infinity":13,"s:26:8:26:Infinity":14,"s:28:2:59:Infinity":15,"f:28:12:28:18":1,"s:29:25:56:Infinity":16,"f:29:25:29:37":2,"b:30:6:30:Infinity:undefined:undefined:undefined:undefined":0,"s:30:6:30:Infinity":17,"s:30:19:30:Infinity":18,"s:32:6:55:Infinity":19,"s:33:20:33:Infinity":20,"s:34:8:34:Infinity":21,"s:35:8:35:Infinity":22,"s:36:8:36:Infinity":23,"b:36:19:36:34:36:34:36:36":1,"b:38:8:40:Infinity:undefined:undefined:undefined:undefined":2,"s:38:8:40:Infinity":24,"s:39:10:39:Infinity":25,"s:42:27:46:Infinity":26,"f:42:27:42:28":3,"b:43:10:43:Infinity:undefined:undefined:undefined:undefined":3,"s:43:10:43:Infinity":27,"s:43:24:43:Infinity":28,"s:44:37:44:Infinity":29,"s:45:10:45:Infinity":30,"s:48:8:48:Infinity":31,"s:49:8:49:Infinity":32,"s:50:8:50:Infinity":33,"s:52:8:52:Infinity":34,"s:53:8:53:Infinity":35,"s:54:8:54:Infinity":36,"s:58:4:58:Infinity":37,"s:61:27:85:Infinity":38,"f:61:27:61:28":4,"s:62:17:62:Infinity":39,"b:63:4:63:Infinity:undefined:undefined:undefined:undefined":4,"s:63:4:63:Infinity":40,"s:63:15:63:Infinity":41,"s:65:25:65:Infinity":42,"b:66:4:69:Infinity:undefined:undefined:undefined:undefined":5,"s:66:4:69:Infinity":43,"s:67:6:67:Infinity":44,"s:68:6:68:Infinity":45,"s:71:20:71:Infinity":46,"b:72:4:75:Infinity:undefined:undefined:undefined:undefined":6,"s:72:4:75:Infinity":47,"s:73:6:73:Infinity":48,"s:74:6:74:Infinity":49,"s:77:4:77:Infinity":50,"s:78:4:78:Infinity":51,"s:80:19:80:Infinity":52,"s:81:4:83:Infinity":53,"f:81:23:81:29":5,"s:82:6:82:Infinity":54,"s:84:4:84:Infinity":55,"s:87:28:93:Infinity":56,"f:87:28:87:34":6,"s:88:4:88:Infinity":57,"s:89:4:89:Infinity":58,"b:90:4:92:Infinity:undefined:undefined:undefined:undefined":7,"s:90:4:92:Infinity":59,"s:91:6:91:Infinity":60,"s:95:23:168:Infinity":61,"f:95:23:95:30":7,"s:96:4:96:Infinity":62,"s:97:4:97:Infinity":63,"s:98:4:98:Infinity":64,"s:100:22:108:Infinity":65,"f:100:22:100:23":8,"b:101:6:101:Infinity:undefined:undefined:undefined:undefined":8,"s:101:6:101:Infinity":66,"s:101:20:101:Infinity":67,"s:102:20:102:Infinity":68,"b:103:6:106:Infinity:undefined:undefined:undefined:undefined":9,"s:103:6:106:Infinity":69,"s:104:35:104:Infinity":70,"s:105:8:105:Infinity":71,"s:107:6:107:Infinity":72,"s:110:28:110:Infinity":73,"s:111:23:111:Infinity":74,"b:113:4:117:Infinity:undefined:undefined:undefined:undefined":10,"s:113:4:117:Infinity":75,"s:114:6:114:Infinity":76,"s:115:6:115:Infinity":77,"s:116:6:116:Infinity":78,"s:119:4:167:Infinity":79,"b:122:6:140:Infinity:131:13:140:Infinity":11,"s:122:6:140:Infinity":80,"b:122:10:122:23:122:23:122:31":12,"s:123:8:129:Infinity":81,"b:126:19:126:30:126:30:126:Infinity":13,"s:130:8:130:Infinity":82,"s:132:23:138:Infinity":83,"b:135:19:135:30:135:30:135:Infinity":14,"s:139:8:139:Infinity":84,"b:142:6:152:Infinity:undefined:undefined:undefined:undefined":15,"s:142:6:152:Infinity":85,"b:142:10:142:26:142:26:142:38":16,"s:143:8:143:Infinity":86,"s:144:8:151:Infinity":87,"s:145:10:145:Infinity":88,"s:147:10:147:Infinity":89,"s:148:10:148:Infinity":90,"s:150:10:150:Infinity":91,"s:154:6:154:Infinity":92,"s:156:6:156:Infinity":93,"b:157:6:165:Infinity:163:13:165:Infinity":17,"s:157:6:165:Infinity":94,"b:158:8:162:Infinity:160:15:162:Infinity":18,"s:158:8:162:Infinity":95,"s:159:10:159:Infinity":96,"s:161:10:161:Infinity":97,"s:164:8:164:Infinity":98,"s:166:6:166:Infinity":99,"s:170:16:170:Infinity":100,"b:170:28:170:55:170:55:170:Infinity":19,"s:172:2:301:Infinity":101,"b:178:9:178:18:178:18:178:Infinity":20,"b:186:16:196:Infinity:198:16:211:Infinity":21,"f:223:24:223:25":9,"s:223:31:223:Infinity":102,"f:235:24:235:25":10,"s:235:31:235:Infinity":103,"f:256:26:256:27":11,"s:256:33:256:Infinity":104,"f:270:26:270:27":12,"s:270:33:270:Infinity":105,"f:285:24:285:25":13,"s:285:31:285:Infinity":106,"b:295:22:295:33:295:33:295:Infinity":22,"b:297:23:297:41:297:41:297:Infinity":23,"b:297:53:297:74:297:74:297:Infinity":24,"b:297:86:297:110:297:110:297:Infinity":25}}}
,"C:\\Files\\projects\\PillBox\\frontend\\src\\pages\\Home.tsx": {"path":"C:\\Files\\projects\\PillBox\\frontend\\src\\pages\\Home.tsx","statementMap":{"0":{"start":{"line":6,"column":4},"end":{"line":25,"column":null}}},"fnMap":{"0":{"name":"Home","decl":{"start":{"line":5,"column":16},"end":{"line":5,"column":23}},"loc":{"start":{"line":5,"column":23},"end":{"line":27,"column":null}},"line":5}},"branchMap":{},"s":{"0":1},"f":{"0":1},"b":{},"meta":{"lastBranch":0,"lastFunction":1,"lastStatement":1,"seen":{"f:5:16:5:23":0,"s:6:4:25:Infinity":0}}}
,"C:\\Files\\projects\\PillBox\\frontend\\src\\pages\\Login.tsx": {"path":"C:\\Files\\projects\\PillBox\\frontend\\src\\pages\\Login.tsx","statementMap":{"0":{"start":{"line":10,"column":24},"end":{"line":10,"column":null}},"1":{"start":{"line":11,"column":30},"end":{"line":11,"column":null}},"2":{"start":{"line":12,"column":24},"end":{"line":12,"column":null}},"3":{"start":{"line":13,"column":28},"end":{"line":13,"column":null}},"4":{"start":{"line":14,"column":8},"end":{"line":14,"column":null}},"5":{"start":{"line":15,"column":16},"end":{"line":15,"column":null}},"6":{"start":{"line":17,"column":22},"end":{"line":42,"column":null}},"7":{"start":{"line":18,"column":4},"end":{"line":18,"column":null}},"8":{"start":{"line":19,"column":4},"end":{"line":19,"column":null}},"9":{"start":{"line":20,"column":4},"end":{"line":20,"column":null}},"10":{"start":{"line":22,"column":4},"end":{"line":41,"column":null}},"11":{"start":{"line":23,"column":6},"end":{"line":23,"column":null}},"12":{"start":{"line":24,"column":6},"end":{"line":24,"column":null}},"13":{"start":{"line":26,"column":6},"end":{"line":26,"column":null}},"14":{"start":{"line":28,"column":6},"end":{"line":38,"column":null}},"15":{"start":{"line":29,"column":8},"end":{"line":35,"column":null}},"16":{"start":{"line":30,"column":10},"end":{"line":30,"column":null}},"17":{"start":{"line":31,"column":8},"end":{"line":35,"column":null}},"18":{"start":{"line":32,"column":10},"end":{"line":32,"column":null}},"19":{"start":{"line":34,"column":10},"end":{"line":34,"column":null}},"20":{"start":{"line":37,"column":8},"end":{"line":37,"column":null}},"21":{"start":{"line":40,"column":6},"end":{"line":40,"column":null}},"22":{"start":{"line":44,"column":2},"end":{"line":84,"column":null}},"23":{"start":{"line":59,"column":31},"end":{"line":59,"column":null}},"24":{"start":{"line":70,"column":31},"end":{"line":70,"column":null}}},"fnMap":{"0":{"name":"Login","decl":{"start":{"line":9,"column":16},"end":{"line":9,"column":24}},"loc":{"start":{"line":9,"column":24},"end":{"line":86,"column":null}},"line":9},"1":{"name":"(anonymous_1)","decl":{"start":{"line":17,"column":22},"end":{"line":17,"column":29}},"loc":{"start":{"line":17,"column":52},"end":{"line":42,"column":null}},"line":17},"2":{"name":"(anonymous_2)","decl":{"start":{"line":59,"column":24},"end":{"line":59,"column":25}},"loc":{"start":{"line":59,"column":31},"end":{"line":59,"column":null}},"line":59},"3":{"name":"(anonymous_3)","decl":{"start":{"line":70,"column":24},"end":{"line":70,"column":25}},"loc":{"start":{"line":70,"column":31},"end":{"line":70,"column":null}},"line":70}},"branchMap":{"0":{"loc":{"start":{"line":28,"column":6},"end":{"line":38,"column":null}},"type":"if","locations":[{"start":{"line":28,"column":6},"end":{"line":38,"column":null}},{"start":{"line":36,"column":13},"end":{"line":38,"column":null}}],"line":28},"1":{"loc":{"start":{"line":29,"column":8},"end":{"line":35,"column":null}},"type":"if","locations":[{"start":{"line":29,"column":8},"end":{"line":35,"column":null}},{"start":{"line":31,"column":8},"end":{"line":35,"column":null}}],"line":29},"2":{"loc":{"start":{"line":31,"column":8},"end":{"line":35,"column":null}},"type":"if","locations":[{"start":{"line":31,"column":8},"end":{"line":35,"column":null}},{"start":{"line":33,"column":15},"end":{"line":35,"column":null}}],"line":31},"3":{"loc":{"start":{"line":50,"column":9},"end":{"line":50,"column":null}},"type":"binary-expr","locations":[{"start":{"line":50,"column":9},"end":{"line":50,"column":18}},{"start":{"line":50,"column":18},"end":{"line":50,"column":null}}],"line":50},"4":{"loc":{"start":{"line":80,"column":13},"end":{"line":80,"column":null}},"type":"cond-expr","locations":[{"start":{"line":80,"column":23},"end":{"line":80,"column":35}},{"start":{"line":80,"column":35},"end":{"line":80,"column":null}}],"line":80}},"s":{"0":0,"1":0,"2":0,"3":0,"4":0,"5":0,"6":0,"7":0,"8":0,"9":0,"10":0,"11":0,"12":0,"13":0,"14":0,"15":0,"16":0,"17":0,"18":0,"19":0,"20":0,"21":0,"22":0,"23":0,"24":0},"f":{"0":0,"1":0,"2":0,"3":0},"b":{"0":[0,0],"1":[0,0],"2":[0,0],"3":[0,0],"4":[0,0]},"meta":{"lastBranch":5,"lastFunction":4,"lastStatement":25,"seen":{"f:9:16:9:24":0,"s:10:24:10:Infinity":0,"s:11:30:11:Infinity":1,"s:12:24:12:Infinity":2,"s:13:28:13:Infinity":3,"s:14:8:14:Infinity":4,"s:15:16:15:Infinity":5,"s:17:22:42:Infinity":6,"f:17:22:17:29":1,"s:18:4:18:Infinity":7,"s:19:4:19:Infinity":8,"s:20:4:20:Infinity":9,"s:22:4:41:Infinity":10,"s:23:6:23:Infinity":11,"s:24:6:24:Infinity":12,"s:26:6:26:Infinity":13,"b:28:6:38:Infinity:36:13:38:Infinity":0,"s:28:6:38:Infinity":14,"b:29:8:35:Infinity:31:8:35:Infinity":1,"s:29:8:35:Infinity":15,"s:30:10:30:Infinity":16,"b:31:8:35:Infinity:33:15:35:Infinity":2,"s:31:8:35:Infinity":17,"s:32:10:32:Infinity":18,"s:34:10:34:Infinity":19,"s:37:8:37:Infinity":20,"s:40:6:40:Infinity":21,"s:44:2:84:Infinity":22,"b:50:9:50:18:50:18:50:Infinity":3,"f:59:24:59:25":2,"s:59:31:59:Infinity":23,"f:70:24:70:25":3,"s:70:31:70:Infinity":24,"b:80:23:80:35:80:35:80:Infinity":4}}}
,"C:\\Files\\projects\\PillBox\\frontend\\src\\pages\\Medicine.tsx": {"path":"C:\\Files\\projects\\PillBox\\frontend\\src\\pages\\Medicine.tsx","statementMap":{"0":{"start":{"line":11,"column":13},"end":{"line":11,"column":null}},"1":{"start":{"line":12,"column":30},"end":{"line":12,"column":null}},"2":{"start":{"line":13,"column":28},"end":{"line":13,"column":null}},"3":{"start":{"line":14,"column":8},"end":{"line":14,"column":null}},"4":{"start":{"line":16,"column":2},"end":{"line":32,"column":null}},"5":{"start":{"line":17,"column":26},"end":{"line":29,"column":null}},"6":{"start":{"line":18,"column":6},"end":{"line":18,"column":null}},"7":{"start":{"line":18,"column":15},"end":{"line":18,"column":null}},"8":{"start":{"line":19,"column":6},"end":{"line":28,"column":null}},"9":{"start":{"line":20,"column":21},"end":{"line":20,"column":null}},"10":{"start":{"line":21,"column":8},"end":{"line":21,"column":null}},"11":{"start":{"line":23,"column":8},"end":{"line":23,"column":null}},"12":{"start":{"line":24,"column":8},"end":{"line":24,"column":null}},"13":{"start":{"line":25,"column":8},"end":{"line":25,"column":null}},"14":{"start":{"line":27,"column":8},"end":{"line":27,"column":null}},"15":{"start":{"line":31,"column":4},"end":{"line":31,"column":null}},"16":{"start":{"line":34,"column":25},"end":{"line":40,"column":null}},"17":{"start":{"line":35,"column":4},"end":{"line":39,"column":null}},"18":{"start":{"line":36,"column":22},"end":{"line":36,"column":null}},"19":{"start":{"line":37,"column":28},"end":{"line":37,"column":null}},"20":{"start":{"line":38,"column":15},"end":{"line":38,"column":null}},"21":{"start":{"line":42,"column":24},"end":{"line":48,"column":null}},"22":{"start":{"line":43,"column":4},"end":{"line":47,"column":null}},"23":{"start":{"line":44,"column":22},"end":{"line":44,"column":null}},"24":{"start":{"line":45,"column":28},"end":{"line":45,"column":null}},"25":{"start":{"line":46,"column":15},"end":{"line":46,"column":null}},"26":{"start":{"line":50,"column":2},"end":{"line":59,"column":null}},"27":{"start":{"line":51,"column":4},"end":{"line":57,"column":null}},"28":{"start":{"line":61,"column":2},"end":{"line":70,"column":null}},"29":{"start":{"line":62,"column":4},"end":{"line":68,"column":null}},"30":{"start":{"line":72,"column":2},"end":{"line":157,"column":null}},"31":{"start":{"line":106,"column":17},"end":{"line":106,"column":null}},"32":{"start":{"line":140,"column":29},"end":{"line":140,"column":null}},"33":{"start":{"line":150,"column":27},"end":{"line":150,"column":null}}},"fnMap":{"0":{"name":"Medicine","decl":{"start":{"line":10,"column":16},"end":{"line":10,"column":27}},"loc":{"start":{"line":10,"column":27},"end":{"line":159,"column":null}},"line":10},"1":{"name":"(anonymous_1)","decl":{"start":{"line":16,"column":12},"end":{"line":16,"column":18}},"loc":{"start":{"line":16,"column":18},"end":{"line":32,"column":5}},"line":16},"2":{"name":"(anonymous_2)","decl":{"start":{"line":17,"column":26},"end":{"line":17,"column":38}},"loc":{"start":{"line":17,"column":38},"end":{"line":29,"column":null}},"line":17},"3":{"name":"(anonymous_3)","decl":{"start":{"line":34,"column":25},"end":{"line":34,"column":26}},"loc":{"start":{"line":34,"column":45},"end":{"line":40,"column":null}},"line":34},"4":{"name":"(anonymous_4)","decl":{"start":{"line":42,"column":24},"end":{"line":42,"column":25}},"loc":{"start":{"line":42,"column":44},"end":{"line":48,"column":null}},"line":42},"5":{"name":"(anonymous_5)","decl":{"start":{"line":105,"column":23},"end":{"line":105,"column":24}},"loc":{"start":{"line":105,"column":30},"end":{"line":107,"column":null}},"line":105},"6":{"name":"(anonymous_6)","decl":{"start":{"line":140,"column":23},"end":{"line":140,"column":29}},"loc":{"start":{"line":140,"column":29},"end":{"line":140,"column":null}},"line":140},"7":{"name":"(anonymous_7)","decl":{"start":{"line":150,"column":21},"end":{"line":150,"column":27}},"loc":{"start":{"line":150,"column":27},"end":{"line":150,"column":null}},"line":150}},"branchMap":{"0":{"loc":{"start":{"line":18,"column":6},"end":{"line":18,"column":null}},"type":"if","locations":[{"start":{"line":18,"column":6},"end":{"line":18,"column":null}},{"start":{},"end":{}}],"line":18},"1":{"loc":{"start":{"line":35,"column":4},"end":{"line":39,"column":null}},"type":"switch","locations":[{"start":{"line":36,"column":6},"end":{"line":36,"column":null}},{"start":{"line":37,"column":6},"end":{"line":37,"column":null}},{"start":{"line":38,"column":6},"end":{"line":38,"column":null}}],"line":35},"2":{"loc":{"start":{"line":43,"column":4},"end":{"line":47,"column":null}},"type":"switch","locations":[{"start":{"line":44,"column":6},"end":{"line":44,"column":null}},{"start":{"line":45,"column":6},"end":{"line":45,"column":null}},{"start":{"line":46,"column":6},"end":{"line":46,"column":null}}],"line":43},"3":{"loc":{"start":{"line":50,"column":2},"end":{"line":59,"column":null}},"type":"if","locations":[{"start":{"line":50,"column":2},"end":{"line":59,"column":null}},{"start":{},"end":{}}],"line":50},"4":{"loc":{"start":{"line":61,"column":2},"end":{"line":70,"column":null}},"type":"if","locations":[{"start":{"line":61,"column":2},"end":{"line":70,"column":null}},{"start":{},"end":{}}],"line":61},"5":{"loc":{"start":{"line":76,"column":90},"end":{"line":76,"column":112}},"type":"binary-expr","locations":[{"start":{"line":76,"column":90},"end":{"line":76,"column":110}},{"start":{"line":76,"column":110},"end":{"line":76,"column":112}}],"line":76},"6":{"loc":{"start":{"line":85,"column":25},"end":{"line":85,"column":null}},"type":"binary-expr","locations":[{"start":{"line":85,"column":25},"end":{"line":85,"column":45}},{"start":{"line":85,"column":45},"end":{"line":85,"column":null}}],"line":85},"7":{"loc":{"start":{"line":86,"column":19},"end":{"line":86,"column":null}},"type":"binary-expr","locations":[{"start":{"line":86,"column":19},"end":{"line":86,"column":41}},{"start":{"line":86,"column":41},"end":{"line":86,"column":null}}],"line":86},"8":{"loc":{"start":{"line":98,"column":9},"end":{"line":109,"column":null}},"type":"binary-expr","locations":[{"start":{"line":98,"column":9},"end":{"line":98,"column":null}},{"start":{"line":99,"column":10},"end":{"line":109,"column":null}}],"line":98},"9":{"loc":{"start":{"line":115,"column":19},"end":{"line":115,"column":61}},"type":"binary-expr","locations":[{"start":{"line":115,"column":19},"end":{"line":115,"column":48}},{"start":{"line":115,"column":48},"end":{"line":115,"column":61}}],"line":115},"10":{"loc":{"start":{"line":119,"column":19},"end":{"line":119,"column":55}},"type":"binary-expr","locations":[{"start":{"line":119,"column":19},"end":{"line":119,"column":43}},{"start":{"line":119,"column":43},"end":{"line":119,"column":55}}],"line":119},"11":{"loc":{"start":{"line":120,"column":13},"end":{"line":126,"column":null}},"type":"binary-expr","locations":[{"start":{"line":120,"column":13},"end":{"line":120,"column":null}},{"start":{"line":121,"column":14},"end":{"line":126,"column":null}}],"line":120},"12":{"loc":{"start":{"line":135,"column":19},"end":{"line":135,"column":52}},"type":"binary-expr","locations":[{"start":{"line":135,"column":19},"end":{"line":135,"column":39}},{"start":{"line":135,"column":39},"end":{"line":135,"column":52}}],"line":135}},"s":{"0":0,"1":0,"2":0,"3":0,"4":0,"5":0,"6":0,"7":0,"8":0,"9":0,"10":0,"11":0,"12":0,"13":0,"14":0,"15":0,"16":0,"17":0,"18":0,"19":0,"20":0,"21":0,"22":0,"23":0,"24":0,"25":0,"26":0,"27":0,"28":0,"29":0,"30":0,"31":0,"32":0,"33":0},"f":{"0":0,"1":0,"2":0,"3":0,"4":0,"5":0,"6":0,"7":0},"b":{"0":[0,0],"1":[0,0,0],"2":[0,0,0],"3":[0,0],"4":[0,0],"5":[0,0],"6":[0,0],"7":[0,0],"8":[0,0],"9":[0,0],"10":[0,0],"11":[0,0],"12":[0,0]},"meta":{"lastBranch":13,"lastFunction":8,"lastStatement":34,"seen":{"f:10:16:10:27":0,"s:11:13:11:Infinity":0,"s:12:30:12:Infinity":1,"s:13:28:13:Infinity":2,"s:14:8:14:Infinity":3,"s:16:2:32:Infinity":4,"f:16:12:16:18":1,"s:17:26:29:Infinity":5,"f:17:26:17:38":2,"b:18:6:18:Infinity:undefined:undefined:undefined:undefined":0,"s:18:6:18:Infinity":6,"s:18:15:18:Infinity":7,"s:19:6:28:Infinity":8,"s:20:21:20:Infinity":9,"s:21:8:21:Infinity":10,"s:23:8:23:Infinity":11,"s:24:8:24:Infinity":12,"s:25:8:25:Infinity":13,"s:27:8:27:Infinity":14,"s:31:4:31:Infinity":15,"s:34:25:40:Infinity":16,"f:34:25:34:26":3,"b:36:6:36:Infinity:37:6:37:Infinity:38:6:38:Infinity":1,"s:35:4:39:Infinity":17,"s:36:22:36:Infinity":18,"s:37:28:37:Infinity":19,"s:38:15:38:Infinity":20,"s:42:24:48:Infinity":21,"f:42:24:42:25":4,"b:44:6:44:Infinity:45:6:45:Infinity:46:6:46:Infinity":2,"s:43:4:47:Infinity":22,"s:44:22:44:Infinity":23,"s:45:28:45:Infinity":24,"s:46:15:46:Infinity":25,"b:50:2:59:Infinity:undefined:undefined:undefined:undefined":3,"s:50:2:59:Infinity":26,"s:51:4:57:Infinity":27,"b:61:2:70:Infinity:undefined:undefined:undefined:undefined":4,"s:61:2:70:Infinity":28,"s:62:4:68:Infinity":29,"s:72:2:157:Infinity":30,"b:76:90:76:110:76:110:76:112":5,"b:85:25:85:45:85:45:85:Infinity":6,"b:86:19:86:41:86:41:86:Infinity":7,"b:98:9:98:Infinity:99:10:109:Infinity":8,"f:105:23:105:24":5,"s:106:17:106:Infinity":31,"b:115:19:115:48:115:48:115:61":9,"b:119:19:119:43:119:43:119:55":10,"b:120:13:120:Infinity:121:14:126:Infinity":11,"b:135:19:135:39:135:39:135:52":12,"f:140:23:140:29":6,"s:140:29:140:Infinity":32,"f:150:21:150:27":7,"s:150:27:150:Infinity":33}}}
,"C:\\Files\\projects\\PillBox\\frontend\\src\\pages\\Pillbox.tsx": {"path":"C:\\Files\\projects\\PillBox\\frontend\\src\\pages\\Pillbox.tsx","statementMap":{"0":{"start":{"line":15,"column":38},"end":{"line":15,"column":null}},"1":{"start":{"line":17,"column":32},"end":{"line":17,"column":null}},"2":{"start":{"line":18,"column":28},"end":{"line":18,"column":null}},"3":{"start":{"line":20,"column":34},"end":{"line":20,"column":null}},"4":{"start":{"line":21,"column":40},"end":{"line":21,"column":null}},"5":{"start":{"line":22,"column":32},"end":{"line":22,"column":null}},"6":{"start":{"line":24,"column":8},"end":{"line":24,"column":null}},"7":{"start":{"line":26,"column":28},"end":{"line":28,"column":null}},"8":{"start":{"line":27,"column":4},"end":{"line":27,"column":null}},"9":{"start":{"line":30,"column":20},"end":{"line":38,"column":null}},"10":{"start":{"line":31,"column":19},"end":{"line":31,"column":null}},"11":{"start":{"line":32,"column":4},"end":{"line":36,"column":null}},"12":{"start":{"line":33,"column":6},"end":{"line":33,"column":null}},"13":{"start":{"line":35,"column":6},"end":{"line":35,"column":null}},"14":{"start":{"line":37,"column":4},"end":{"line":37,"column":null}},"15":{"start":{"line":40,"column":2},"end":{"line":65,"column":null}},"16":{"start":{"line":41,"column":27},"end":{"line":62,"column":null}},"17":{"start":{"line":42,"column":6},"end":{"line":61,"column":null}},"18":{"start":{"line":43,"column":47},"end":{"line":48,"column":null}},"19":{"start":{"line":50,"column":8},"end":{"line":50,"column":null}},"20":{"start":{"line":50,"column":24},"end":{"line":50,"column":null}},"21":{"start":{"line":51,"column":8},"end":{"line":51,"column":null}},"22":{"start":{"line":51,"column":27},"end":{"line":51,"column":null}},"23":{"start":{"line":53,"column":21},"end":{"line":53,"column":null}},"24":{"start":{"line":54,"column":22},"end":{"line":54,"column":null}},"25":{"start":{"line":55,"column":8},"end":{"line":55,"column":null}},"26":{"start":{"line":57,"column":8},"end":{"line":57,"column":null}},"27":{"start":{"line":58,"column":8},"end":{"line":58,"column":null}},"28":{"start":{"line":60,"column":8},"end":{"line":60,"column":null}},"29":{"start":{"line":64,"column":4},"end":{"line":64,"column":null}},"30":{"start":{"line":67,"column":23},"end":{"line":79,"column":null}},"31":{"start":{"line":68,"column":4},"end":{"line":70,"column":null}},"32":{"start":{"line":69,"column":6},"end":{"line":69,"column":null}},"33":{"start":{"line":72,"column":4},"end":{"line":78,"column":null}},"34":{"start":{"line":73,"column":6},"end":{"line":73,"column":null}},"35":{"start":{"line":74,"column":6},"end":{"line":74,"column":null}},"36":{"start":{"line":74,"column":27},"end":{"line":74,"column":60}},"37":{"start":{"line":74,"column":46},"end":{"line":74,"column":59}},"38":{"start":{"line":76,"column":6},"end":{"line":76,"column":null}},"39":{"start":{"line":77,"column":6},"end":{"line":77,"column":null}},"40":{"start":{"line":81,"column":8},"end":{"line":86,"column":null}},"41":{"start":{"line":82,"column":21},"end":{"line":84,"column":null}},"42":{"start":{"line":83,"column":18},"end":{"line":83,"column":29}},"43":{"start":{"line":84,"column":34},"end":{"line":84,"column":56}},"44":{"start":{"line":85,"column":4},"end":{"line":85,"column":null}},"45":{"start":{"line":88,"column":28},"end":{"line":90,"column":null}},"46":{"start":{"line":89,"column":4},"end":{"line":89,"column":null}},"47":{"start":{"line":92,"column":24},"end":{"line":100,"column":null}},"48":{"start":{"line":93,"column":18},"end":{"line":93,"column":null}},"49":{"start":{"line":94,"column":4},"end":{"line":98,"column":null}},"50":{"start":{"line":95,"column":6},"end":{"line":95,"column":null}},"51":{"start":{"line":96,"column":4},"end":{"line":98,"column":null}},"52":{"start":{"line":97,"column":6},"end":{"line":97,"column":null}},"53":{"start":{"line":99,"column":4},"end":{"line":99,"column":null}},"54":{"start":{"line":102,"column":2},"end":{"line":209,"column":null}},"55":{"start":{"line":122,"column":35},"end":{"line":122,"column":66}},"56":{"start":{"line":122,"column":66},"end":{"line":122,"column":103}},"57":{"start":{"line":132,"column":35},"end":{"line":132,"column":69}},"58":{"start":{"line":132,"column":69},"end":{"line":132,"column":107}},"59":{"start":{"line":137,"column":18},"end":{"line":139,"column":null}},"60":{"start":{"line":145,"column":35},"end":{"line":145,"column":83}},"61":{"start":{"line":145,"column":83},"end":{"line":145,"column":118}},"62":{"start":{"line":155,"column":20},"end":{"line":155,"column":null}},"63":{"start":{"line":156,"column":20},"end":{"line":156,"column":null}},"64":{"start":{"line":157,"column":20},"end":{"line":157,"column":null}},"65":{"start":{"line":179,"column":14},"end":{"line":202,"column":null}},"66":{"start":{"line":182,"column":31},"end":{"line":182,"column":null}},"67":{"start":{"line":196,"column":36},"end":{"line":196,"column":57}},"68":{"start":{"line":196,"column":57},"end":{"line":196,"column":79}}},"fnMap":{"0":{"name":"Pillbox","decl":{"start":{"line":14,"column":16},"end":{"line":14,"column":26}},"loc":{"start":{"line":14,"column":26},"end":{"line":211,"column":null}},"line":14},"1":{"name":"(anonymous_1)","decl":{"start":{"line":26,"column":28},"end":{"line":26,"column":34}},"loc":{"start":{"line":26,"column":34},"end":{"line":28,"column":null}},"line":26},"2":{"name":"(anonymous_2)","decl":{"start":{"line":30,"column":20},"end":{"line":30,"column":21}},"loc":{"start":{"line":30,"column":52},"end":{"line":38,"column":null}},"line":30},"3":{"name":"(anonymous_3)","decl":{"start":{"line":40,"column":12},"end":{"line":40,"column":18}},"loc":{"start":{"line":40,"column":18},"end":{"line":65,"column":5}},"line":40},"4":{"name":"(anonymous_4)","decl":{"start":{"line":41,"column":27},"end":{"line":41,"column":39}},"loc":{"start":{"line":41,"column":39},"end":{"line":62,"column":null}},"line":41},"5":{"name":"(anonymous_5)","decl":{"start":{"line":67,"column":23},"end":{"line":67,"column":30}},"loc":{"start":{"line":67,"column":45},"end":{"line":79,"column":null}},"line":67},"6":{"name":"(anonymous_6)","decl":{"start":{"line":74,"column":19},"end":{"line":74,"column":27}},"loc":{"start":{"line":74,"column":27},"end":{"line":74,"column":60}},"line":74},"7":{"name":"(anonymous_7)","decl":{"start":{"line":74,"column":39},"end":{"line":74,"column":46}},"loc":{"start":{"line":74,"column":46},"end":{"line":74,"column":59}},"line":74},"8":{"name":"(anonymous_8)","decl":{"start":{"line":81,"column":33},"end":{"line":81,"column":39}},"loc":{"start":{"line":81,"column":39},"end":{"line":86,"column":5}},"line":81},"9":{"name":"(anonymous_9)","decl":{"start":{"line":83,"column":11},"end":{"line":83,"column":18}},"loc":{"start":{"line":83,"column":18},"end":{"line":83,"column":29}},"line":83},"10":{"name":"(anonymous_10)","decl":{"start":{"line":84,"column":14},"end":{"line":84,"column":15}},"loc":{"start":{"line":84,"column":34},"end":{"line":84,"column":56}},"line":84},"11":{"name":"(anonymous_11)","decl":{"start":{"line":88,"column":45},"end":{"line":88,"column":null}},"loc":{"start":{"line":89,"column":4},"end":{"line":89,"column":null}},"line":89},"12":{"name":"(anonymous_12)","decl":{"start":{"line":92,"column":24},"end":{"line":92,"column":25}},"loc":{"start":{"line":92,"column":44},"end":{"line":100,"column":null}},"line":92},"13":{"name":"(anonymous_13)","decl":{"start":{"line":122,"column":26},"end":{"line":122,"column":27}},"loc":{"start":{"line":122,"column":33},"end":{"line":122,"column":null}},"line":122},"14":{"name":"(anonymous_14)","decl":{"start":{"line":132,"column":26},"end":{"line":132,"column":27}},"loc":{"start":{"line":132,"column":33},"end":{"line":132,"column":null}},"line":132},"15":{"name":"(anonymous_15)","decl":{"start":{"line":136,"column":36},"end":{"line":136,"column":null}},"loc":{"start":{"line":137,"column":18},"end":{"line":139,"column":null}},"line":137},"16":{"name":"(anonymous_16)","decl":{"start":{"line":145,"column":26},"end":{"line":145,"column":27}},"loc":{"start":{"line":145,"column":33},"end":{"line":145,"column":null}},"line":145},"17":{"name":"(anonymous_17)","decl":{"start":{"line":154,"column":27},"end":{"line":154,"column":33}},"loc":{"start":{"line":154,"column":33},"end":{"line":158,"column":null}},"line":154},"18":{"name":"(anonymous_18)","decl":{"start":{"line":178,"column":35},"end":{"line":178,"column":null}},"loc":{"start":{"line":179,"column":14},"end":{"line":202,"column":null}},"line":179},"19":{"name":"(anonymous_19)","decl":{"start":{"line":182,"column":25},"end":{"line":182,"column":31}},"loc":{"start":{"line":182,"column":31},"end":{"line":182,"column":null}},"line":182},"20":{"name":"(anonymous_20)","decl":{"start":{"line":196,"column":27},"end":{"line":196,"column":28}},"loc":{"start":{"line":196,"column":34},"end":{"line":196,"column":null}},"line":196}},"branchMap":{"0":{"loc":{"start":{"line":20,"column":47},"end":{"line":20,"column":79}},"type":"binary-expr","locations":[{"start":{"line":20,"column":47},"end":{"line":20,"column":77}},{"start":{"line":20,"column":77},"end":{"line":20,"column":79}}],"line":20},"1":{"loc":{"start":{"line":21,"column":53},"end":{"line":21,"column":86}},"type":"binary-expr","locations":[{"start":{"line":21,"column":53},"end":{"line":21,"column":84}},{"start":{"line":21,"column":84},"end":{"line":21,"column":86}}],"line":21},"2":{"loc":{"start":{"line":22,"column":62},"end":{"line":22,"column":114}},"type":"binary-expr","locations":[{"start":{"line":22,"column":62},"end":{"line":22,"column":109}},{"start":{"line":22,"column":109},"end":{"line":22,"column":114}}],"line":22},"3":{"loc":{"start":{"line":32,"column":4},"end":{"line":36,"column":null}},"type":"if","locations":[{"start":{"line":32,"column":4},"end":{"line":36,"column":null}},{"start":{"line":34,"column":11},"end":{"line":36,"column":null}}],"line":32},"4":{"loc":{"start":{"line":50,"column":8},"end":{"line":50,"column":null}},"type":"if","locations":[{"start":{"line":50,"column":8},"end":{"line":50,"column":null}},{"start":{},"end":{}}],"line":50},"5":{"loc":{"start":{"line":51,"column":8},"end":{"line":51,"column":null}},"type":"if","locations":[{"start":{"line":51,"column":8},"end":{"line":51,"column":null}},{"start":{},"end":{}}],"line":51},"6":{"loc":{"start":{"line":54,"column":22},"end":{"line":54,"column":null}},"type":"cond-expr","locations":[{"start":{"line":54,"column":44},"end":{"line":54,"column":52}},{"start":{"line":54,"column":52},"end":{"line":54,"column":null}}],"line":54},"7":{"loc":{"start":{"line":54,"column":52},"end":{"line":54,"column":null}},"type":"binary-expr","locations":[{"start":{"line":54,"column":52},"end":{"line":54,"column":67}},{"start":{"line":54,"column":67},"end":{"line":54,"column":null}}],"line":54},"8":{"loc":{"start":{"line":68,"column":4},"end":{"line":70,"column":null}},"type":"if","locations":[{"start":{"line":68,"column":4},"end":{"line":70,"column":null}},{"start":{},"end":{}}],"line":68},"9":{"loc":{"start":{"line":84,"column":34},"end":{"line":84,"column":56}},"type":"binary-expr","locations":[{"start":{"line":84,"column":34},"end":{"line":84,"column":41}},{"start":{"line":84,"column":41},"end":{"line":84,"column":56}}],"line":84},"10":{"loc":{"start":{"line":94,"column":4},"end":{"line":98,"column":null}},"type":"if","locations":[{"start":{"line":94,"column":4},"end":{"line":98,"column":null}},{"start":{"line":96,"column":4},"end":{"line":98,"column":null}}],"line":94},"11":{"loc":{"start":{"line":96,"column":4},"end":{"line":98,"column":null}},"type":"if","locations":[{"start":{"line":96,"column":4},"end":{"line":98,"column":null}},{"start":{},"end":{}}],"line":96},"12":{"loc":{"start":{"line":150,"column":14},"end":{"line":162,"column":null}},"type":"binary-expr","locations":[{"start":{"line":152,"column":16},"end":{"line":152,"column":33}},{"start":{"line":152,"column":33},"end":{"line":152,"column":null}},{"start":{"line":153,"column":16},"end":{"line":162,"column":null}}],"line":150},"13":{"loc":{"start":{"line":168,"column":9},"end":{"line":204,"column":null}},"type":"cond-expr","locations":[{"start":{"line":169,"column":10},"end":{"line":169,"column":null}},{"start":{"line":170,"column":12},"end":{"line":204,"column":null}}],"line":168},"14":{"loc":{"start":{"line":170,"column":12},"end":{"line":204,"column":null}},"type":"cond-expr","locations":[{"start":{"line":171,"column":10},"end":{"line":175,"column":null}},{"start":{"line":177,"column":10},"end":{"line":204,"column":null}}],"line":170},"15":{"loc":{"start":{"line":172,"column":13},"end":{"line":174,"column":null}},"type":"cond-expr","locations":[{"start":{"line":173,"column":16},"end":{"line":173,"column":null}},{"start":{"line":174,"column":16},"end":{"line":174,"column":null}}],"line":172},"16":{"loc":{"start":{"line":172,"column":13},"end":{"line":172,"column":null}},"type":"binary-expr","locations":[{"start":{"line":172,"column":13},"end":{"line":172,"column":27}},{"start":{"line":172,"column":27},"end":{"line":172,"column":null}}],"line":172},"17":{"loc":{"start":{"line":187,"column":51},"end":{"line":187,"column":83}},"type":"binary-expr","locations":[{"start":{"line":187,"column":51},"end":{"line":187,"column":66}},{"start":{"line":187,"column":66},"end":{"line":187,"column":83}}],"line":187},"18":{"loc":{"start":{"line":191,"column":59},"end":{"line":191,"column":90}},"type":"binary-expr","locations":[{"start":{"l
[...]
line":12,"column":23},"end":{"line":12,"column":35}},"loc":{"start":{"line":12,"column":35},"end":{"line":22,"column":null}},"line":12},"3":{"name":"(anonymous_3)","decl":{"start":{"line":26,"column":23},"end":{"line":26,"column":30}},"loc":{"start":{"line":26,"column":60},"end":{"line":34,"column":null}},"line":26},"4":{"name":"(anonymous_4)","decl":{"start":{"line":30,"column":28},"end":{"line":30,"column":33}},"loc":{"start":{"line":30,"column":33},"end":{"line":30,"column":44}},"line":30},"5":{"name":"(anonymous_5)","decl":{"start":{"line":36,"column":30},"end":{"line":36,"column":37}},"loc":{"start":{"line":36,"column":52},"end":{"line":45,"column":null}},"line":36},"6":{"name":"(anonymous_6)","decl":{"start":{"line":39,"column":25},"end":{"line":39,"column":null}},"loc":{"start":{"line":40,"column":8},"end":{"line":40,"column":null}},"line":40},"7":{"name":"(anonymous_7)","decl":{"start":{"line":68,"column":25},"end":{"line":68,"column":null}},"loc":{"start":{"line":69,"column":16},"end":{"line":91,"column":null}},"line":69},"8":{"name":"(anonymous_8)","decl":{"start":{"line":78,"column":33},"end":{"line":78,"column":39}},"loc":{"start":{"line":78,"column":39},"end":{"line":78,"column":null}},"line":78},"9":{"name":"(anonymous_9)","decl":{"start":{"line":85,"column":31},"end":{"line":85,"column":37}},"loc":{"start":{"line":85,"column":37},"end":{"line":85,"column":null}},"line":85}},"branchMap":{"0":{"loc":{"start":{"line":27,"column":4},"end":{"line":27,"column":null}},"type":"if","locations":[{"start":{"line":27,"column":4},"end":{"line":27,"column":null}},{"start":{},"end":{}}],"line":27},"1":{"loc":{"start":{"line":40,"column":8},"end":{"line":40,"column":null}},"type":"cond-expr","locations":[{"start":{"line":40,"column":22},"end":{"line":40,"column":53}},{"start":{"line":40,"column":53},"end":{"line":40,"column":null}}],"line":40},"2":{"loc":{"start":{"line":53,"column":9},"end":{"line":94,"column":null}},"type":"cond-expr","locations":[{"start":{"line":54,"column":10},"end":{"line":54,"column":null}},{"start":{"line":56,"column":10},"end":{"line":94,"column":null}}],"line":53},"3":{"loc":{"start":{"line":72,"column":23},"end":{"line":72,"column":44}},"type":"binary-expr","locations":[{"start":{"line":72,"column":23},"end":{"line":72,"column":40}},{"start":{"line":72,"column":40},"end":{"line":72,"column":44}}],"line":72},"4":{"loc":{"start":{"line":73,"column":23},"end":{"line":73,"column":50}},"type":"cond-expr","locations":[{"start":{"line":73,"column":40},"end":{"line":73,"column":46}},{"start":{"line":73,"column":46},"end":{"line":73,"column":50}}],"line":73},"5":{"loc":{"start":{"line":74,"column":23},"end":{"line":74,"column":53}},"type":"cond-expr","locations":[{"start":{"line":74,"column":43},"end":{"line":74,"column":49}},{"start":{"line":74,"column":49},"end":{"line":74,"column":53}}],"line":74},"6":{"loc":{"start":{"line":76,"column":21},"end":{"line":82,"column":null}},"type":"binary-expr","locations":[{"start":{"line":76,"column":21},"end":{"line":76,"column":null}},{"start":{"line":77,"column":22},"end":{"line":82,"column":null}}],"line":76}},"s":{"0":0,"1":0,"2":0,"3":0,"4":0,"5":0,"6":0,"7":0,"8":0,"9":0,"10":0,"11":0,"12":0,"13":0,"14":0,"15":0,"16":0,"17":0,"18":0,"19":0,"20":0,"21":0,"22":0,"23":0,"24":0,"25":0,"26":0,"27":0,"28":0},"f":{"0":0,"1":0,"2":0,"3":0,"4":0,"5":0,"6":0,"7":0,"8":0,"9":0},"b":{"0":[0,0],"1":[0,0],"2":[0,0],"3":[0,0],"4":[0,0],"5":[0,0],"6":[0,0]},"meta":{"lastBranch":7,"lastFunction":10,"lastStatement":29,"seen":{"f:7:16:7:29":0,"s:8:24:8:Infinity":0,"s:9:28:9:Infinity":1,"s:11:2:24:Infinity":2,"f:11:12:11:18":1,"s:12:23:22:Infinity":3,"f:12:23:12:35":2,"s:13:6:21:Infinity":4,"s:14:21:14:Infinity":5,"s:15:8:15:Infinity":6,"s:17:8:17:Infinity":7,"s:18:8:18:Infinity":8,"s:20:8:20:Infinity":9,"s:23:4:23:Infinity":10,"s:26:23:34:Infinity":11,"f:26:23:26:30":3,"b:27:4:27:Infinity:undefined:undefined:undefined:undefined":0,"s:27:4:27:Infinity":12,"s:27:59:27:Infinity":13,"s:28:4:33:Infinity":14,"s:29:6:29:Infinity":15,"s:30:6:30:Infinity":16,"f:30:28:30:33":4,"s:30:33:30:44":17,"s:32:6:32:Infinity":18,"s:36:30:45:Infinity":19,"f:36:30:36:37":5,"s:37:4:44:Infinity":20,"s:38:6:38:Infinity":21,"s:39:6:41:Infinity":22,"f:39:25:39:Infinity":6,"s:40:8:40:Infinity":23,"b:40:22:40:53:40:53:40:Infinity":1,"s:43:6:43:Infinity":24,"s:47:2:97:Infinity":25,"b:54:10:54:Infinity:56:10:94:Infinity":2,"f:68:25:68:Infinity":7,"s:69:16:91:Infinity":26,"b:72:23:72:40:72:40:72:44":3,"b:73:40:73:46:73:46:73:50":4,"b:74:43:74:49:74:49:74:53":5,"b:76:21:76:Infinity:77:22:82:Infinity":6,"f:78:33:78:39":8,"s:78:39:78:Infinity":27,"f:85:31:85:37":9,"s:85:37:85:Infinity":28}}}
,"C:\\Files\\projects\\PillBox\\frontend\\src\\pages\\styles\\Addmed.css": {"path":"C:\\Files\\projects\\PillBox\\frontend\\src\\pages\\styles\\Addmed.css","statementMap":{},"fnMap":{},"branchMap":{},"s":{},"f":{},"b":{},"meta":{"lastBranch":0,"lastFunction":0,"lastStatement":0,"seen":{}}}
,"C:\\Files\\projects\\PillBox\\frontend\\src\\pages\\styles\\Admin.css": {"path":"C:\\Files\\projects\\PillBox\\frontend\\src\\pages\\styles\\Admin.css","statementMap":{},"fnMap":{},"branchMap":{},"s":{},"f":{},"b":{},"meta":{"lastBranch":0,"lastFunction":0,"lastStatement":0,"seen":{}}}
,"C:\\Files\\projects\\PillBox\\frontend\\src\\pages\\styles\\DrugInfoCard.css": {"path":"C:\\Files\\projects\\PillBox\\frontend\\src\\pages\\styles\\DrugInfoCard.css","statementMap":{},"fnMap":{},"branchMap":{},"s":{},"f":{},"b":{},"meta":{"lastBranch":0,"lastFunction":0,"lastStatement":0,"seen":{}}}
,"C:\\Files\\projects\\PillBox\\frontend\\src\\pages\\styles\\Home.css": {"path":"C:\\Files\\projects\\PillBox\\frontend\\src\\pages\\styles\\Home.css","statementMap":{},"fnMap":{},"branchMap":{},"s":{},"f":{},"b":{},"meta":{"lastBranch":0,"lastFunction":0,"lastStatement":0,"seen":{}}}
,"C:\\Files\\projects\\PillBox\\frontend\\src\\pages\\styles\\Login.css": {"path":"C:\\Files\\projects\\PillBox\\frontend\\src\\pages\\styles\\Login.css","statementMap":{},"fnMap":{},"branchMap":{},"s":{},"f":{},"b":{},"meta":{"lastBranch":0,"lastFunction":0,"lastStatement":0,"seen":{}}}
,"C:\\Files\\projects\\PillBox\\frontend\\src\\pages\\styles\\Medicine.css": {"path":"C:\\Files\\projects\\PillBox\\frontend\\src\\pages\\styles\\Medicine.css","statementMap":{},"fnMap":{},"branchMap":{},"s":{},"f":{},"b":{},"meta":{"lastBranch":0,"lastFunction":0,"lastStatement":0,"seen":{}}}
,"C:\\Files\\projects\\PillBox\\frontend\\src\\pages\\styles\\Pillbox.css": {"path":"C:\\Files\\projects\\PillBox\\frontend\\src\\pages\\styles\\Pillbox.css","statementMap":{},"fnMap":{},"branchMap":{},"s":{},"f":{},"b":{},"meta":{"lastBranch":0,"lastFunction":0,"lastStatement":0,"seen":{}}}
,"C:\\Files\\projects\\PillBox\\frontend\\src\\pages\\styles\\Profile.css": {"path":"C:\\Files\\projects\\PillBox\\frontend\\src\\pages\\styles\\Profile.css","statementMap":{},"fnMap":{},"branchMap":{},"s":{},"f":{},"b":{},"meta":{"lastBranch":0,"lastFunction":0,"lastStatement":0,"seen":{}}}
,"C:\\Files\\projects\\PillBox\\frontend\\src\\pages\\styles\\Register.css": {"path":"C:\\Files\\projects\\PillBox\\frontend\\src\\pages\\styles\\Register.css","statementMap":{},"fnMap":{},"branchMap":{},"s":{},"f":{},"b":{},"meta":{"lastBranch":0,"lastFunction":0,"lastStatement":0,"seen":{}}}
,"C:\\Files\\projects\\PillBox\\frontend\\src\\pages\\styles\\Reminder.css": {"path":"C:\\Files\\projects\\PillBox\\frontend\\src\\pages\\styles\\Reminder.css","statementMap":{},"fnMap":{},"branchMap":{},"s":{},"f":{},"b":{},"meta":{"lastBranch":0,"lastFunction":0,"lastStatement":0,"seen":{}}}
,"C:\\Files\\projects\\PillBox\\frontend\\src\\pages\\styles\\Reminders.css": {"path":"C:\\Files\\projects\\PillBox\\frontend\\src\\pages\\styles\\Reminders.css","statementMap":{},"fnMap":{},"branchMap":{},"s":{},"f":{},"b":{},"meta":{"lastBranch":0,"lastFunction":0,"lastStatement":0,"seen":{}}}
,"C:\\Files\\projects\\PillBox\\frontend\\src\\services\\adminService.ts": {"path":"C:\\Files\\projects\\PillBox\\frontend\\src\\services\\adminService.ts","statementMap":{"0":{"start":{"line":5,"column":29},"end":{"line":8,"column":null}},"1":{"start":{"line":6,"column":19},"end":{"line":6,"column":null}},"2":{"start":{"line":7,"column":2},"end":{"line":7,"column":null}},"3":{"start":{"line":10,"column":31},"end":{"line":12,"column":null}},"4":{"start":{"line":11,"column":2},"end":{"line":11,"column":null}},"5":{"start":{"line":14,"column":33},"end":{"line":16,"column":null}},"6":{"start":{"line":15,"column":2},"end":{"line":15,"column":null}},"7":{"start":{"line":18,"column":33},"end":{"line":21,"column":null}},"8":{"start":{"line":19,"column":19},"end":{"line":19,"column":null}},"9":{"start":{"line":20,"column":2},"end":{"line":20,"column":null}},"10":{"start":{"line":23,"column":35},"end":{"line":25,"column":null}},"11":{"start":{"line":24,"column":2},"end":{"line":24,"column":null}},"12":{"start":{"line":27,"column":33},"end":{"line":30,"column":null}},"13":{"start":{"line":28,"column":19},"end":{"line":28,"column":null}},"14":{"start":{"line":29,"column":2},"end":{"line":29,"column":null}},"15":{"start":{"line":32,"column":35},"end":{"line":34,"column":null}},"16":{"start":{"line":33,"column":2},"end":{"line":33,"column":null}}},"fnMap":{"0":{"name":"(anonymous_0)","decl":{"start":{"line":5,"column":29},"end":{"line":5,"column":65}},"loc":{"start":{"line":5,"column":65},"end":{"line":8,"column":null}},"line":5},"1":{"name":"(anonymous_1)","decl":{"start":{"line":10,"column":31},"end":{"line":10,"column":38}},"loc":{"start":{"line":10,"column":68},"end":{"line":12,"column":null}},"line":10},"2":{"name":"(anonymous_2)","decl":{"start":{"line":14,"column":33},"end":{"line":14,"column":40}},"loc":{"start":{"line":14,"column":70},"end":{"line":16,"column":null}},"line":14},"3":{"name":"(anonymous_3)","decl":{"start":{"line":18,"column":33},"end":{"line":18,"column":45}},"loc":{"start":{"line":18,"column":45},"end":{"line":21,"column":null}},"line":18},"4":{"name":"(anonymous_4)","decl":{"start":{"line":23,"column":35},"end":{"line":23,"column":42}},"loc":{"start":{"line":23,"column":72},"end":{"line":25,"column":null}},"line":23},"5":{"name":"(anonymous_5)","decl":{"start":{"line":27,"column":33},"end":{"line":27,"column":74}},"loc":{"start":{"line":27,"column":74},"end":{"line":30,"column":null}},"line":27},"6":{"name":"(anonymous_6)","decl":{"start":{"line":32,"column":35},"end":{"line":32,"column":42}},"loc":{"start":{"line":32,"column":72},"end":{"line":34,"column":null}},"line":32}},"branchMap":{},"s":{"0":1,"1":0,"2":0,"3":1,"4":0,"5":1,"6":0,"7":1,"8":0,"9":0,"10":1,"11":0,"12":1,"13":0,"14":0,"15":1,"16":0},"f":{"0":0,"1":0,"2":0,"3":0,"4":0,"5":0,"6":0},"b":{},"meta":{"lastBranch":0,"lastFunction":7,"lastStatement":17,"seen":{"s:5:29:8:Infinity":0,"f:5:29:5:65":0,"s:6:19:6:Infinity":1,"s:7:2:7:Infinity":2,"s:10:31:12:Infinity":3,"f:10:31:10:38":1,"s:11:2:11:Infinity":4,"s:14:33:16:Infinity":5,"f:14:33:14:40":2,"s:15:2:15:Infinity":6,"s:18:33:21:Infinity":7,"f:18:33:18:45":3,"s:19:19:19:Infinity":8,"s:20:2:20:Infinity":9,"s:23:35:25:Infinity":10,"f:23:35:23:42":4,"s:24:2:24:Infinity":11,"s:27:33:30:Infinity":12,"f:27:33:27:74":5,"s:28:19:28:Infinity":13,"s:29:2:29:Infinity":14,"s:32:35:34:Infinity":15,"f:32:35:32:42":6,"s:33:2:33:Infinity":16}}}
,"C:\\Files\\projects\\PillBox\\frontend\\src\\services\\authService.ts": {"path":"C:\\Files\\projects\\PillBox\\frontend\\src\\services\\authService.ts","statementMap":{"0":{"start":{"line":22,"column":24},"end":{"line":24,"column":null}},"1":{"start":{"line":23,"column":2},"end":{"line":23,"column":null}},"2":{"start":{"line":26,"column":21},"end":{"line":28,"column":null}},"3":{"start":{"line":27,"column":2},"end":{"line":27,"column":null}},"4":{"start":{"line":30,"column":22},"end":{"line":32,"column":null}},"5":{"start":{"line":31,"column":2},"end":{"line":31,"column":null}},"6":{"start":{"line":34,"column":30},"end":{"line":37,"column":null}},"7":{"start":{"line":35,"column":19},"end":{"line":35,"column":null}},"8":{"start":{"line":36,"column":2},"end":{"line":36,"column":null}}},"fnMap":{"0":{"name":"(anonymous_0)","decl":{"start":{"line":22,"column":24},"end":{"line":22,"column":31}},"loc":{"start":{"line":22,"column":73},"end":{"line":24,"column":null}},"line":22},"1":{"name":"(anonymous_1)","decl":{"start":{"line":26,"column":21},"end":{"line":26,"column":28}},"loc":{"start":{"line":26,"column":70},"end":{"line":28,"column":null}},"line":26},"2":{"name":"(anonymous_2)","decl":{"start":{"line":30,"column":22},"end":{"line":30,"column":49}},"loc":{"start":{"line":30,"column":49},"end":{"line":32,"column":null}},"line":30},"3":{"name":"(anonymous_3)","decl":{"start":{"line":34,"column":30},"end":{"line":34,"column":64}},"loc":{"start":{"line":34,"column":64},"end":{"line":37,"column":null}},"line":34}},"branchMap":{},"s":{"0":1,"1":0,"2":1,"3":0,"4":1,"5":0,"6":1,"7":0,"8":0},"f":{"0":0,"1":0,"2":0,"3":0},"b":{},"meta":{"lastBranch":0,"lastFunction":4,"lastStatement":9,"seen":{"s:22:24:24:Infinity":0,"f:22:24:22:31":0,"s:23:2:23:Infinity":1,"s:26:21:28:Infinity":2,"f:26:21:26:28":1,"s:27:2:27:Infinity":3,"s:30:22:32:Infinity":4,"f:30:22:30:49":2,"s:31:2:31:Infinity":5,"s:34:30:37:Infinity":6,"f:34:30:34:64":3,"s:35:19:35:Infinity":7,"s:36:2:36:Infinity":8}}}
,"C:\\Files\\projects\\PillBox\\frontend\\src\\services\\medicineService.ts": {"path":"C:\\Files\\projects\\PillBox\\frontend\\src\\services\\medicineService.ts","statementMap":{"0":{"start":{"line":4,"column":28},"end":{"line":7,"column":null}},"1":{"start":{"line":5,"column":21},"end":{"line":5,"column":null}},"2":{"start":{"line":6,"column":4},"end":{"line":6,"column":null}},"3":{"start":{"line":10,"column":31},"end":{"line":13,"column":null}},"4":{"start":{"line":11,"column":19},"end":{"line":11,"column":null}},"5":{"start":{"line":12,"column":2},"end":{"line":12,"column":null}},"6":{"start":{"line":15,"column":30},"end":{"line":18,"column":null}},"7":{"start":{"line":16,"column":19},"end":{"line":16,"column":null}},"8":{"start":{"line":17,"column":2},"end":{"line":17,"column":null}},"9":{"start":{"line":20,"column":30},"end":{"line":26,"column":null}},"10":{"start":{"line":24,"column":19},"end":{"line":24,"column":null}},"11":{"start":{"line":25,"column":2},"end":{"line":25,"column":null}},"12":{"start":{"line":28,"column":30},"end":{"line":30,"column":null}},"13":{"start":{"line":29,"column":4},"end":{"line":29,"column":null}},"14":{"start":{"line":32,"column":35},"end":{"line":49,"column":null}},"15":{"start":{"line":36,"column":21},"end":{"line":36,"column":null}},"16":{"start":{"line":37,"column":4},"end":{"line":37,"column":null}},"17":{"start":{"line":39,"column":21},"end":{"line":47,"column":null}},"18":{"start":{"line":48,"column":4},"end":{"line":48,"column":null}},"19":{"start":{"line":52,"column":35},"end":{"line":57,"column":null}},"20":{"start":{"line":55,"column":21},"end":{"line":55,"column":null}},"21":{"start":{"line":56,"column":4},"end":{"line":56,"column":null}}},"fnMap":{"0":{"name":"(anonymous_0)","decl":{"start":{"line":4,"column":28},"end":{"line":4,"column":35}},"loc":{"start":{"line":4,"column":98},"end":{"line":7,"column":null}},"line":4},"1":{"name":"(anonymous_1)","decl":{"start":{"line":10,"column":31},"end":{"line":10,"column":38}},"loc":{"start":{"line":10,"column":72},"end":{"line":13,"column":null}},"line":10},"2":{"name":"(anonymous_2)","decl":{"start":{"line":15,"column":30},"end":{"line":15,"column":37}},"loc":{"start":{"line":15,"column":85},"end":{"line":18,"column":null}},"line":15},"3":{"name":"(anonymous_3)","decl":{"start":{"line":20,"column":30},"end":{"line":20,"column":null}},"loc":{"start":{"line":23,"column":24},"end":{"line":26,"column":null}},"line":23},"4":{"name":"(anonymous_4)","decl":{"start":{"line":28,"column":30},"end":{"line":28,"column":37}},"loc":{"start":{"line":28,"column":67},"end":{"line":30,"column":null}},"line":28},"5":{"name":"(anonymous_5)","decl":{"start":{"line":32,"column":35},"end":{"line":32,"column":null}},"loc":{"start":{"line":35,"column":37},"end":{"line":49,"column":null}},"line":35},"6":{"name":"(anonymous_6)","decl":{"start":{"line":52,"column":35},"end":{"line":52,"column":null}},"loc":{"start":{"line":54,"column":35},"end":{"line":57,"column":null}},"line":54}},"branchMap":{},"s":{"0":2,"1":1,"2":1,"3":2,"4":1,"5":1,"6":2,"7":1,"8":1,"9":2,"10":0,"11":0,"12":2,"13":1,"14":2,"15":0,"16":0,"17":0,"18":0,"19":2,"20":0,"21":0},"f":{"0":1,"1":1,"2":1,"3":0,"4":1,"5":0,"6":0},"b":{},"meta":{"lastBranch":0,"lastFunction":7,"lastStatement":22,"seen":{"s:4:28:7:Infinity":0,"f:4:28:4:35":0,"s:5:21:5:Infinity":1,"s:6:4:6:Infinity":2,"s:10:31:13:Infinity":3,"f:10:31:10:38":1,"s:11:19:11:Infinity":4,"s:12:2:12:Infinity":5,"s:15:30:18:Infinity":6,"f:15:30:15:37":2,"s:16:19:16:Infinity":7,"s:17:2:17:Infinity":8,"s:20:30:26:Infinity":9,"f:20:30:20:Infinity":3,"s:24:19:24:Infinity":10,"s:25:2:25:Infinity":11,"s:28:30:30:Infinity":12,"f:28:30:28:37":4,"s:29:4:29:Infinity":13,"s:32:35:49:Infinity":14,"f:32:35:32:Infinity":5,"s:36:21:36:Infinity":15,"s:37:4:37:Infinity":16,"s:39:21:47:Infinity":17,"s:48:4:48:Infinity":18,"s:52:35:57:Infinity":19,"f:52:35:52:Infinity":6,"s:55:21:55:Infinity":20,"s:56:4:56:Infinity":21}}}
,"C:\\Files\\projects\\PillBox\\frontend\\src\\services\\reminderService.ts": {"path":"C:\\Files\\projects\\PillBox\\frontend\\src\\services\\reminderService.ts","statementMap":{"0":{"start":{"line":4,"column":28},"end":{"line":7,"column":null}},"1":{"start":{"line":5,"column":19},"end":{"line":5,"column":null}},"2":{"start":{"line":6,"column":2},"end":{"line":6,"column":null}},"3":{"start":{"line":9,"column":30},"end":{"line":12,"column":null}},"4":{"start":{"line":10,"column":19},"end":{"line":10,"column":null}},"5":{"start":{"line":11,"column":2},"end":{"line":11,"column":null}},"6":{"start":{"line":14,"column":31},"end":{"line":17,"column":null}},"7":{"start":{"line":15,"column":19},"end":{"line":15,"column":null}},"8":{"start":{"line":16,"column":2},"end":{"line":16,"column":null}},"9":{"start":{"line":19,"column":30},"end":{"line":25,"column":null}},"10":{"start":{"line":23,"column":19},"end":{"line":23,"column":null}},"11":{"start":{"line":24,"column":2},"end":{"line":24,"column":null}},"12":{"start":{"line":27,"column":30},"end":{"line":29,"column":null}},"13":{"start":{"line":28,"column":2},"end":{"line":28,"column":null}}},"fnMap":{"0":{"name":"(anonymous_0)","decl":{"start":{"line":4,"column":28},"end":{"line":4,"column":61}},"loc":{"start":{"line":4,"column":61},"end":{"line":7,"column":null}},"line":4},"1":{"name":"(anonymous_1)","decl":{"start":{"line":9,"column":30},"end":{"line":9,"column":37}},"loc":{"start":{"line":9,"column":89},"end":{"line":12,"column":null}},"line":9},"2":{"name":"(anonymous_2)","decl":{"start":{"line":14,"column":31},"end":{"line":14,"column":38}},"loc":{"start":{"line":14,"column":72},"end":{"line":17,"column":null}},"line":14},"3":{"name":"(anonymous_3)","decl":{"start":{"line":19,"column":30},"end":{"line":19,"column":null}},"loc":{"start":{"line":22,"column":24},"end":{"line":25,"column":null}},"line":22},"4":{"name":"(anonymous_4)","decl":{"start":{"line":27,"column":30},"end":{"line":27,"column":37}},"loc":{"start":{"line":27,"column":67},"end":{"line":29,"column":null}},"line":27}},"branchMap":{},"s":{"0":1,"1":0,"2":0,"3":1,"4":0,"5":0,"6":1,"7":0,"8":0,"9":1,"10":0,"11":0,"12":1,"13":0},"f":{"0":0,"1":0,"2":0,"3":0,"4":0},"b":{},"meta":{"lastBranch":0,"lastFunction":5,"lastStatement":14,"seen":{"s:4:28:7:Infinity":0,"f:4:28:4:61":0,"s:5:19:5:Infinity":1,"s:6:2:6:Infinity":2,"s:9:30:12:Infinity":3,"f:9:30:9:37":1,"s:10:19:10:Infinity":4,"s:11:2:11:Infinity":5,"s:14:31:17:Infinity":6,"f:14:31:14:38":2,"s:15:19:15:Infinity":7,"s:16:2:16:Infinity":8,"s:19:30:25:Infinity":9,"f:19:30:19:Infinity":3,"s:23:19:23:Infinity":10,"s:24:2:24:Infinity":11,"s:27:30:29:Infinity":12,"f:27:30:27:37":4,"s:28:2:28:Infinity":13}}}
}
